<?xml version="1.0" encoding="UTF-8"?>
<testsuite name="ch.epfl.sweng.contracts.RecursiveFibonacciTest" tests="2" skipped="0" failures="1" errors="0" timestamp="2019-10-05T20:08:51" hostname="INF16-WERMEILLB" time="0.092">
  <properties/>
  <testcase name="fibOnNegativeFails()" classname="ch.epfl.sweng.contracts.RecursiveFibonacciTest" time="0.09">
    <failure message="org.opentest4j.AssertionFailedError: Unexpected exception type thrown ==&gt; expected: &lt;com.google.java.contract.PreconditionError&gt; but was: &lt;java.lang.StackOverflowError&gt;" type="org.opentest4j.AssertionFailedError">org.opentest4j.AssertionFailedError: Unexpected exception type thrown ==&gt; expected: &lt;com.google.java.contract.PreconditionError&gt; but was: &lt;java.lang.StackOverflowError&gt;
	at org.junit.jupiter.api.AssertThrows.assertThrows(AssertThrows.java:65)
	at org.junit.jupiter.api.AssertThrows.assertThrows(AssertThrows.java:37)
	at org.junit.jupiter.api.Assertions.assertThrows(Assertions.java:2920)
	at ch.epfl.sweng.contracts.RecursiveFibonacciTest.fibOnNegativeFails(RecursiveFibonacciTest.java:14)
	at java.base/jdk.internal.reflect.NativeMethodAccessorImpl.invoke0(Native Method)
	at java.base/jdk.internal.reflect.NativeMethodAccessorImpl.invoke(NativeMethodAccessorImpl.java:62)
	at java.base/jdk.internal.reflect.DelegatingMethodAccessorImpl.invoke(DelegatingMethodAccessorImpl.java:43)
	at java.base/java.lang.reflect.Method.invoke(Method.java:567)
	at org.junit.platform.commons.util.ReflectionUtils.invokeMethod(ReflectionUtils.java:628)
	at org.junit.jupiter.engine.execution.ExecutableInvoker.invoke(ExecutableInvoker.java:117)
	at org.junit.jupiter.engine.descriptor.TestMethodTestDescriptor.lambda$invokeTestMethod$7(TestMethodTestDescriptor.java:184)
	at org.junit.platform.engine.support.hierarchical.ThrowableCollector.execute(ThrowableCollector.java:73)
	at org.junit.jupiter.engine.descriptor.TestMethodTestDescriptor.invokeTestMethod(TestMethodTestDescriptor.java:180)
	at org.junit.jupiter.engine.descriptor.TestMethodTestDescriptor.execute(TestMethodTestDescriptor.java:127)
	at org.junit.jupiter.engine.descriptor.TestMethodTestDescriptor.execute(TestMethodTestDescriptor.java:68)
	at org.junit.platform.engine.support.hierarchical.NodeTestTask.lambda$executeRecursively$5(NodeTestTask.java:135)
	at org.junit.platform.engine.support.hierarchical.ThrowableCollector.execute(ThrowableCollector.java:73)
	at org.junit.platform.engine.support.hierarchical.NodeTestTask.lambda$executeRecursively$7(NodeTestTask.java:125)
	at org.junit.platform.engine.support.hierarchical.Node.around(Node.java:135)
	at org.junit.platform.engine.support.hierarchical.NodeTestTask.lambda$executeRecursively$8(NodeTestTask.java:123)
	at org.junit.platform.engine.support.hierarchical.ThrowableCollector.execute(ThrowableCollector.java:73)
	at org.junit.platform.engine.support.hierarchical.NodeTestTask.executeRecursively(NodeTestTask.java:122)
	at org.junit.platform.engine.support.hierarchical.NodeTestTask.execute(NodeTestTask.java:80)
	at java.base/java.util.ArrayList.forEach(ArrayList.java:1540)
	at org.junit.platform.engine.support.hierarchical.SameThreadHierarchicalTestExecutorService.invokeAll(SameThreadHierarchicalTestExecutorService.java:38)
	at org.junit.platform.engine.support.hierarchical.NodeTestTask.lambda$executeRecursively$5(NodeTestTask.java:139)
	at org.junit.platform.engine.support.hierarchical.ThrowableCollector.execute(ThrowableCollector.java:73)
	at org.junit.platform.engine.support.hierarchical.NodeTestTask.lambda$executeRecursively$7(NodeTestTask.java:125)
	at org.junit.platform.engine.support.hierarchical.Node.around(Node.java:135)
	at org.junit.platform.engine.support.hierarchical.NodeTestTask.lambda$executeRecursively$8(NodeTestTask.java:123)
	at org.junit.platform.engine.support.hierarchical.ThrowableCollector.execute(ThrowableCollector.java:73)
	at org.junit.platform.engine.support.hierarchical.NodeTestTask.executeRecursively(NodeTestTask.java:122)
	at org.junit.platform.engine.support.hierarchical.NodeTestTask.execute(NodeTestTask.java:80)
	at java.base/java.util.ArrayList.forEach(ArrayList.java:1540)
	at org.junit.platform.engine.support.hierarchical.SameThreadHierarchicalTestExecutorService.invokeAll(SameThreadHierarchicalTestExecutorService.java:38)
	at org.junit.platform.engine.support.hierarchical.NodeTestTask.lambda$executeRecursively$5(NodeTestTask.java:139)
	at org.junit.platform.engine.support.hierarchical.ThrowableCollector.execute(ThrowableCollector.java:73)
	at org.junit.platform.engine.support.hierarchical.NodeTestTask.lambda$executeRecursively$7(NodeTestTask.java:125)
	at org.junit.platform.engine.support.hierarchical.Node.around(Node.java:135)
	at org.junit.platform.engine.support.hierarchical.NodeTestTask.lambda$executeRecursively$8(NodeTestTask.java:123)
	at org.junit.platform.engine.support.hierarchical.ThrowableCollector.execute(ThrowableCollector.java:73)
	at org.junit.platform.engine.support.hierarchical.NodeTestTask.executeRecursively(NodeTestTask.java:122)
	at org.junit.platform.engine.support.hierarchical.NodeTestTask.execute(NodeTestTask.java:80)
	at org.junit.platform.engine.support.hierarchical.SameThreadHierarchicalTestExecutorService.submit(SameThreadHierarchicalTestExecutorService.java:32)
	at org.junit.platform.engine.support.hierarchical.HierarchicalTestExecutor.execute(HierarchicalTestExecutor.java:57)
	at org.junit.platform.engine.support.hierarchical.HierarchicalTestEngine.execute(HierarchicalTestEngine.java:51)
	at org.junit.platform.launcher.core.DefaultLauncher.execute(DefaultLauncher.java:220)
	at org.junit.platform.launcher.core.DefaultLauncher.lambda$execute$6(DefaultLauncher.java:188)
	at org.junit.platform.launcher.core.DefaultLauncher.withInterceptedStreams(DefaultLauncher.java:202)
	at org.junit.platform.launcher.core.DefaultLauncher.execute(DefaultLauncher.java:181)
	at org.junit.platform.launcher.core.DefaultLauncher.execute(DefaultLauncher.java:128)
	at org.gradle.api.internal.tasks.testing.junitplatform.JUnitPlatformTestClassProcessor$CollectAllTestClassesExecutor.processAllTestClasses(JUnitPlatformTestClassProcessor.java:102)
	at org.gradle.api.internal.tasks.testing.junitplatform.JUnitPlatformTestClassProcessor$CollectAllTestClassesExecutor.access$000(JUnitPlatformTestClassProcessor.java:82)
	at org.gradle.api.internal.tasks.testing.junitplatform.JUnitPlatformTestClassProcessor.stop(JUnitPlatformTestClassProcessor.java:78)
	at org.gradle.api.internal.tasks.testing.SuiteTestClassProcessor.stop(SuiteTestClassProcessor.java:61)
	at java.base/jdk.internal.reflect.NativeMethodAccessorImpl.invoke0(Native Method)
	at java.base/jdk.internal.reflect.NativeMethodAccessorImpl.invoke(NativeMethodAccessorImpl.java:62)
	at java.base/jdk.internal.reflect.DelegatingMethodAccessorImpl.invoke(DelegatingMethodAccessorImpl.java:43)
	at java.base/java.lang.reflect.Method.invoke(Method.java:567)
	at org.gradle.internal.dispatch.ReflectionDispatch.dispatch(ReflectionDispatch.java:36)
	at org.gradle.internal.dispatch.ReflectionDispatch.dispatch(ReflectionDispatch.java:24)
	at org.gradle.internal.dispatch.ContextClassLoaderDispatch.dispatch(ContextClassLoaderDispatch.java:33)
	at org.gradle.internal.dispatch.ProxyDispatchAdapter$DispatchingInvocationHandler.invoke(ProxyDispatchAdapter.java:94)
	at com.sun.proxy.$Proxy2.stop(Unknown Source)
	at org.gradle.api.internal.tasks.testing.worker.TestWorker.stop(TestWorker.java:132)
	at java.base/jdk.internal.reflect.NativeMethodAccessorImpl.invoke0(Native Method)
	at java.base/jdk.internal.reflect.NativeMethodAccessorImpl.invoke(NativeMethodAccessorImpl.java:62)
	at java.base/jdk.internal.reflect.DelegatingMethodAccessorImpl.invoke(DelegatingMethodAccessorImpl.java:43)
	at java.base/java.lang.reflect.Method.invoke(Method.java:567)
	at org.gradle.internal.dispatch.ReflectionDispatch.dispatch(ReflectionDispatch.java:36)
	at org.gradle.internal.dispatch.ReflectionDispatch.dispatch(ReflectionDispatch.java:24)
	at org.gradle.internal.remote.internal.hub.MessageHubBackedObjectConnection$DispatchWrapper.dispatch(MessageHubBackedObjectConnection.java:182)
	at org.gradle.internal.remote.internal.hub.MessageHubBackedObjectConnection$DispatchWrapper.dispatch(MessageHubBackedObjectConnection.java:164)
	at org.gradle.internal.remote.internal.hub.MessageHub$Handler.run(MessageHub.java:412)
	at org.gradle.internal.concurrent.ExecutorPolicy$CatchAndRecordFailures.onExecute(ExecutorPolicy.java:64)
	at org.gradle.internal.concurrent.ManagedExecutorImpl$1.run(ManagedExecutorImpl.java:48)
	at java.base/java.util.concurrent.ThreadPoolExecutor.runWorker(ThreadPoolExecutor.java:1128)
	at java.base/java.util.concurrent.ThreadPoolExecutor$Worker.run(ThreadPoolExecutor.java:628)
	at org.gradle.internal.concurrent.ThreadFactoryImpl$ManagedThreadRunnable.run(ThreadFactoryImpl.java:56)
	at java.base/java.lang.Thread.run(Thread.java:835)
Caused by: java.lang.StackOverflowError
	at ch.epfl.sweng.contracts.RecursiveFibonacci.apply(RecursiveFibonacci.java:17)
	at ch.epfl.sweng.contracts.RecursiveFibonacci.apply(RecursiveFibonacci.java:17)
	at ch.epfl.sweng.contracts.RecursiveFibonacci.apply(RecursiveFibonacci.java:17)
	at ch.epfl.sweng.contracts.RecursiveFibonacci.apply(RecursiveFibonacci.java:17)
	at ch.epfl.sweng.contracts.RecursiveFibonacci.apply(RecursiveFibonacci.java:17)
	at ch.epfl.sweng.contracts.RecursiveFibonacci.apply(RecursiveFibonacci.java:17)
	at ch.epfl.sweng.contracts.RecursiveFibonacci.apply(RecursiveFibonacci.java:17)
	at ch.epfl.sweng.contracts.RecursiveFibonacci.apply(RecursiveFibonacci.java:17)
	at ch.epfl.sweng.contracts.RecursiveFibonacci.apply(RecursiveFibonacci.java:17)
	at ch.epfl.sweng.contracts.RecursiveFibonacci.apply(RecursiveFibonacci.java:17)
	at ch.epfl.sweng.contracts.RecursiveFibonacci.apply(RecursiveFibonacci.java:17)
	at ch.epfl.sweng.contracts.RecursiveFibonacci.apply(RecursiveFibonacci.java:17)
	at ch.epfl.sweng.contracts.RecursiveFibonacci.apply(RecursiveFibonacci.java:17)
	at ch.epfl.sweng.contracts.RecursiveFibonacci.apply(RecursiveFibonacci.java:17)
	at ch.epfl.sweng.contracts.RecursiveFibonacci.apply(RecursiveFibonacci.java:17)
	at ch.epfl.sweng.contracts.RecursiveFibonacci.apply(RecursiveFibonacci.java:17)
	at ch.epfl.sweng.contracts.RecursiveFibonacci.apply(RecursiveFibonacci.java:17)
	at ch.epfl.sweng.contracts.RecursiveFibonacci.apply(RecursiveFibonacci.java:17)
	at ch.epfl.sweng.contracts.RecursiveFibonacci.apply(RecursiveFibonacci.java:17)
	at ch.epfl.sweng.contracts.RecursiveFibonacci.apply(RecursiveFibonacci.java:17)
	at ch.epfl.sweng.contracts.RecursiveFibonacci.apply(RecursiveFibonacci.java:17)
	at ch.epfl.sweng.contracts.RecursiveFibonacci.apply(RecursiveFibonacci.java:17)
	at ch.epfl.sweng.contracts.RecursiveFibonacci.apply(RecursiveFibonacci.java:17)
	at ch.epfl.sweng.contracts.RecursiveFibonacci.apply(RecursiveFibonacci.java:17)
	at ch.epfl.sweng.contracts.RecursiveFibonacci.apply(RecursiveFibonacci.java:17)
	at ch.epfl.sweng.contracts.RecursiveFibonacci.apply(RecursiveFibonacci.java:17)
	at ch.epfl.sweng.contracts.RecursiveFibonacci.apply(RecursiveFibonacci.java:17)
	at ch.epfl.sweng.contracts.RecursiveFibonacci.apply(RecursiveFibonacci.java:17)
	at ch.epfl.sweng.contracts.RecursiveFibonacci.apply(RecursiveFibonacci.java:17)
	at ch.epfl.sweng.contracts.RecursiveFibonacci.apply(RecursiveFibonacci.java:17)
	at ch.epfl.sweng.contracts.RecursiveFibonacci.apply(RecursiveFibonacci.java:17)
	at ch.epfl.sweng.contracts.RecursiveFibonacci.apply(RecursiveFibonacci.java:17)
	at ch.epfl.sweng.contracts.RecursiveFibonacci.apply(RecursiveFibonacci.java:17)
	at ch.epfl.sweng.contracts.RecursiveFibonacci.apply(RecursiveFibonacci.java:17)
	at ch.epfl.sweng.contracts.RecursiveFibonacci.apply(RecursiveFibonacci.java:17)
	at ch.epfl.sweng.contracts.RecursiveFibonacci.apply(RecursiveFibonacci.java:17)
	at ch.epfl.sweng.contracts.RecursiveFibonacci.apply(RecursiveFibonacci.java:17)
	at ch.epfl.sweng.contracts.RecursiveFibonacci.apply(RecursiveFibonacci.java:17)
	at ch.epfl.sweng.contracts.RecursiveFibonacci.apply(RecursiveFibonacci.java:17)
	at ch.epfl.sweng.contracts.RecursiveFibonacci.apply(RecursiveFibonacci.java:17)
	at ch.epfl.sweng.contracts.RecursiveFibonacci.apply(RecursiveFibonacci.java:17)
	at ch.epfl.sweng.contracts.RecursiveFibonacci.apply(RecursiveFibonacci.java:17)
	at ch.epfl.sweng.contracts.RecursiveFibonacci.apply(RecursiveFibonacci.java:17)
	at ch.epfl.sweng.contracts.RecursiveFibonacci.apply(RecursiveFibonacci.java:17)
	at ch.epfl.sweng.contracts.RecursiveFibonacci.apply(RecursiveFibonacci.java:17)
	at ch.epfl.sweng.contracts.RecursiveFibonacci.apply(RecursiveFibonacci.java:17)
	at ch.epfl.sweng.contracts.RecursiveFibonacci.apply(RecursiveFibonacci.java:17)
	at ch.epfl.sweng.contracts.RecursiveFibonacci.apply(RecursiveFibonacci.java:17)
	at ch.epfl.sweng.contracts.RecursiveFibonacci.apply(RecursiveFibonacci.java:17)
	at ch.epfl.sweng.contracts.RecursiveFibonacci.apply(RecursiveFibonacci.java:17)
	at ch.epfl.sweng.contracts.RecursiveFibonacci.apply(RecursiveFibonacci.java:17)
	at ch.epfl.sweng.contracts.RecursiveFibonacci.apply(RecursiveFibonacci.java:17)
	at ch.epfl.sweng.contracts.RecursiveFibonacci.apply(RecursiveFibonacci.java:17)
	at ch.epfl.sweng.contracts.RecursiveFibonacci.apply(RecursiveFibonacci.java:17)
	at ch.epfl.sweng.contracts.RecursiveFibonacci.apply(RecursiveFibonacci.java:17)
	at ch.epfl.sweng.contracts.RecursiveFibonacci.apply(RecursiveFibonacci.java:17)
	at ch.epfl.sweng.contracts.RecursiveFibonacci.apply(RecursiveFibonacci.java:17)
	at ch.epfl.sweng.contracts.RecursiveFibonacci.apply(RecursiveFibonacci.java:17)
	at ch.epfl.sweng.contracts.RecursiveFibonacci.apply(RecursiveFibonacci.java:17)
	at ch.epfl.sweng.contracts.RecursiveFibonacci.apply(RecursiveFibonacci.java:17)
	at ch.epfl.sweng.contracts.RecursiveFibonacci.apply(RecursiveFibonacci.java:17)
	at ch.epfl.sweng.contracts.RecursiveFibonacci.apply(RecursiveFibonacci.java:17)
	at ch.epfl.sweng.contracts.RecursiveFibonacci.apply(RecursiveFibonacci.java:17)
	at ch.epfl.sweng.contracts.RecursiveFibonacci.apply(RecursiveFibonacci.java:17)
	at ch.epfl.sweng.contracts.RecursiveFibonacci.apply(RecursiveFibonacci.java:17)
	at ch.epfl.sweng.contracts.RecursiveFibonacci.apply(RecursiveFibonacci.java:17)
	at ch.epfl.sweng.contracts.RecursiveFibonacci.apply(RecursiveFibonacci.java:17)
	at ch.epfl.sweng.contracts.RecursiveFibonacci.apply(RecursiveFibonacci.java:17)
	at ch.epfl.sweng.contracts.RecursiveFibonacci.apply(RecursiveFibonacci.java:17)
	at ch.epfl.sweng.contracts.RecursiveFibonacci.apply(RecursiveFibonacci.java:17)
	at ch.epfl.sweng.contracts.RecursiveFibonacci.apply(RecursiveFibonacci.java:17)
	at ch.epfl.sweng.contracts.RecursiveFibonacci.apply(RecursiveFibonacci.java:17)
	at ch.epfl.sweng.contracts.RecursiveFibonacci.apply(RecursiveFibonacci.java:17)
	at ch.epfl.sweng.contracts.RecursiveFibonacci.apply(RecursiveFibonacci.java:17)
	at ch.epfl.sweng.contracts.RecursiveFibonacci.apply(RecursiveFibonacci.java:17)
	at ch.epfl.sweng.contracts.RecursiveFibonacci.apply(RecursiveFibonacci.java:17)
	at ch.epfl.sweng.contracts.RecursiveFibonacci.apply(RecursiveFibonacci.java:17)
	at ch.epfl.sweng.contracts.RecursiveFibonacci.apply(RecursiveFibonacci.java:17)
	at ch.epfl.sweng.contracts.RecursiveFibonacci.apply(RecursiveFibonacci.java:17)
	at ch.epfl.sweng.contracts.RecursiveFibonacci.apply(RecursiveFibonacci.java:17)
	at ch.epfl.sweng.contracts.RecursiveFibonacci.apply(RecursiveFibonacci.java:17)
	at ch.epfl.sweng.contracts.RecursiveFibonacci.apply(RecursiveFibonacci.java:17)
	at ch.epfl.sweng.contracts.RecursiveFibonacci.apply(RecursiveFibonacci.java:17)
	at ch.epfl.sweng.contracts.RecursiveFibonacci.apply(RecursiveFibonacci.java:17)
	at ch.epfl.sweng.contracts.RecursiveFibonacci.apply(RecursiveFibonacci.java:17)
	at ch.epfl.sweng.contracts.RecursiveFibonacci.apply(RecursiveFibonacci.java:17)
	at ch.epfl.sweng.contracts.RecursiveFibonacci.apply(RecursiveFibonacci.java:17)
	at ch.epfl.sweng.contracts.RecursiveFibonacci.apply(RecursiveFibonacci.java:17)
	at ch.epfl.sweng.contracts.RecursiveFibonacci.apply(RecursiveFibonacci.java:17)
	at ch.epfl.sweng.contracts.RecursiveFibonacci.apply(RecursiveFibonacci.java:17)
	at ch.epfl.sweng.contracts.RecursiveFibonacci.apply(RecursiveFibonacci.java:17)
	at ch.epfl.sweng.contracts.RecursiveFibonacci.apply(RecursiveFibonacci.java:17)
	at ch.epfl.sweng.contracts.RecursiveFibonacci.apply(RecursiveFibonacci.java:17)
	at ch.epfl.sweng.contracts.RecursiveFibonacci.apply(RecursiveFibonacci.java:17)
	at ch.epfl.sweng.contracts.RecursiveFibonacci.apply(RecursiveFibonacci.java:17)
	at ch.epfl.sweng.contracts.RecursiveFibonacci.apply(RecursiveFibonacci.java:17)
	at ch.epfl.sweng.contracts.RecursiveFibonacci.apply(RecursiveFibonacci.java:17)
	at ch.epfl.sweng.contracts.RecursiveFibonacci.apply(RecursiveFibonacci.java:17)
	at ch.epfl.sweng.contracts.RecursiveFibonacci.apply(RecursiveFibonacci.java:17)
	at ch.epfl.sweng.contracts.RecursiveFibonacci.apply(RecursiveFibonacci.java:17)
	at ch.epfl.sweng.contracts.RecursiveFibonacci.apply(RecursiveFibonacci.java:17)
	at ch.epfl.sweng.contracts.RecursiveFibonacci.apply(RecursiveFibonacci.java:17)
	at ch.epfl.sweng.contracts.RecursiveFibonacci.apply(RecursiveFibonacci.java:17)
	at ch.epfl.sweng.contracts.RecursiveFibonacci.apply(RecursiveFibonacci.java:17)
	at ch.epfl.sweng.contracts.RecursiveFibonacci.apply(RecursiveFibonacci.java:17)
	at ch.epfl.sweng.contracts.RecursiveFibonacci.apply(RecursiveFibonacci.java:17)
	at ch.epfl.sweng.contracts.RecursiveFibonacci.apply(RecursiveFibonacci.java:17)
	at ch.epfl.sweng.contracts.RecursiveFibonacci.apply(RecursiveFibonacci.java:17)
	at ch.epfl.sweng.contracts.RecursiveFibonacci.apply(RecursiveFibonacci.java:17)
	at ch.epfl.sweng.contracts.RecursiveFibonacci.apply(RecursiveFibonacci.java:17)
	at ch.epfl.sweng.contracts.RecursiveFibonacci.apply(RecursiveFibonacci.java:17)
	at ch.epfl.sweng.contracts.RecursiveFibonacci.apply(RecursiveFibonacci.java:17)
	at ch.epfl.sweng.contracts.RecursiveFibonacci.apply(RecursiveFibonacci.java:17)
	at ch.epfl.sweng.contracts.RecursiveFibonacci.apply(RecursiveFibonacci.java:17)
	at ch.epfl.sweng.contracts.RecursiveFibonacci.apply(RecursiveFibonacci.java:17)
	at ch.epfl.sweng.contracts.RecursiveFibonacci.apply(RecursiveFibonacci.java:17)
	at ch.epfl.sweng.contracts.RecursiveFibonacci.apply(RecursiveFibonacci.java:17)
	at ch.epfl.sweng.contracts.RecursiveFibonacci.apply(RecursiveFibonacci.java:17)
	at ch.epfl.sweng.contracts.RecursiveFibonacci.apply(RecursiveFibonacci.java:17)
	at ch.epfl.sweng.contracts.RecursiveFibonacci.apply(RecursiveFibonacci.java:17)
	at ch.epfl.sweng.contracts.RecursiveFibonacci.apply(RecursiveFibonacci.java:17)
	at ch.epfl.sweng.contracts.RecursiveFibonacci.apply(RecursiveFibonacci.java:17)
	at ch.epfl.sweng.contracts.RecursiveFibonacci.apply(RecursiveFibonacci.java:17)
	at ch.epfl.sweng.contracts.RecursiveFibonacci.apply(RecursiveFibonacci.java:17)
	at ch.epfl.sweng.contracts.RecursiveFibonacci.apply(RecursiveFibonacci.java:17)
	at ch.epfl.sweng.contracts.RecursiveFibonacci.apply(RecursiveFibonacci.java:17)
	at ch.epfl.sweng.contracts.RecursiveFibonacci.apply(RecursiveFibonacci.java:17)
	at ch.epfl.sweng.contracts.RecursiveFibonacci.apply(RecursiveFibonacci.java:17)
	at ch.epfl.sweng.contracts.RecursiveFibonacci.apply(RecursiveFibonacci.java:17)
	at ch.epfl.sweng.contracts.RecursiveFibonacci.apply(RecursiveFibonacci.java:17)
	at ch.epfl.sweng.contracts.RecursiveFibonacci.apply(RecursiveFibonacci.java:17)
	at ch.epfl.sweng.contracts.RecursiveFibonacci.apply(RecursiveFibonacci.java:17)
	at ch.epfl.sweng.contracts.RecursiveFibonacci.apply(RecursiveFibonacci.java:17)
	at ch.epfl.sweng.contracts.RecursiveFibonacci.apply(RecursiveFibonacci.java:17)
	at ch.epfl.sweng.contracts.RecursiveFibonacci.apply(RecursiveFibonacci.java:17)
	at ch.epfl.sweng.contracts.RecursiveFibonacci.apply(RecursiveFibonacci.java:17)
	at ch.epfl.sweng.contracts.RecursiveFibonacci.apply(RecursiveFibonacci.java:17)
	at ch.epfl.sweng.contracts.RecursiveFibonacci.apply(RecursiveFibonacci.java:17)
	at ch.epfl.sweng.contracts.RecursiveFibonacci.apply(RecursiveFibonacci.java:17)
	at ch.epfl.sweng.contracts.RecursiveFibonacci.apply(RecursiveFibonacci.java:17)
	at ch.epfl.sweng.contracts.RecursiveFibonacci.apply(RecursiveFibonacci.java:17)
	at ch.epfl.sweng.contracts.RecursiveFibonacci.apply(RecursiveFibonacci.java:17)
	at ch.epfl.sweng.contracts.RecursiveFibonacci.apply(RecursiveFibonacci.java:17)
	at ch.epfl.sweng.contracts.RecursiveFibonacci.apply(RecursiveFibonacci.java:17)
	at ch.epfl.sweng.contracts.RecursiveFibonacci.apply(RecursiveFibonacci.java:17)
	at ch.epfl.sweng.contracts.RecursiveFibonacci.apply(RecursiveFibonacci.java:17)
	at ch.epfl.sweng.contracts.RecursiveFibonacci.apply(RecursiveFibonacci.java:17)
	at ch.epfl.sweng.contracts.RecursiveFibonacci.apply(RecursiveFibonacci.java:17)
	at ch.epfl.sweng.contracts.RecursiveFibonacci.apply(RecursiveFibonacci.java:17)
	at ch.epfl.sweng.contracts.RecursiveFibonacci.apply(RecursiveFibonacci.java:17)
	at ch.epfl.sweng.contracts.RecursiveFibonacci.apply(RecursiveFibonacci.java:17)
	at ch.epfl.sweng.contracts.RecursiveFibonacci.apply(RecursiveFibonacci.java:17)
	at ch.epfl.sweng.contracts.RecursiveFibonacci.apply(RecursiveFibonacci.java:17)
	at ch.epfl.sweng.contracts.RecursiveFibonacci.apply(RecursiveFibonacci.java:17)
	at ch.epfl.sweng.contracts.RecursiveFibonacci.apply(RecursiveFibonacci.java:17)
	at ch.epfl.sweng.contracts.RecursiveFibonacci.apply(RecursiveFibonacci.java:17)
	at ch.epfl.sweng.contracts.RecursiveFibonacci.apply(RecursiveFibonacci.java:17)
	at ch.epfl.sweng.contracts.RecursiveFibonacci.apply(RecursiveFibonacci.java:17)
	at ch.epfl.sweng.contracts.RecursiveFibonacci.apply(RecursiveFibonacci.java:17)
	at ch.epfl.sweng.contracts.RecursiveFibonacci.apply(RecursiveFibonacci.java:17)
	at ch.epfl.sweng.contracts.RecursiveFibonacci.apply(RecursiveFibonacci.java:17)
	at ch.epfl.sweng.contracts.RecursiveFibonacci.apply(RecursiveFibonacci.java:17)
	at ch.epfl.sweng.contracts.RecursiveFibonacci.apply(RecursiveFibonacci.java:17)
	at ch.epfl.sweng.contracts.RecursiveFibonacci.apply(RecursiveFibonacci.java:17)
	at ch.epfl.sweng.contracts.RecursiveFibonacci.apply(RecursiveFibonacci.java:17)
	at ch.epfl.sweng.contracts.RecursiveFibonacci.apply(RecursiveFibonacci.java:17)
	at ch.epfl.sweng.contracts.RecursiveFibonacci.apply(RecursiveFibonacci.java:17)
	at ch.epfl.sweng.contracts.RecursiveFibonacci.apply(RecursiveFibonacci.java:17)
	at ch.epfl.sweng.contracts.RecursiveFibonacci.apply(RecursiveFibonacci.java:17)
	at ch.epfl.sweng.contracts.RecursiveFibonacci.apply(RecursiveFibonacci.java:17)
	at ch.epfl.sweng.contracts.RecursiveFibonacci.apply(RecursiveFibonacci.java:17)
	at ch.epfl.sweng.contracts.RecursiveFibonacci.apply(RecursiveFibonacci.java:17)
	at ch.epfl.sweng.contracts.RecursiveFibonacci.apply(RecursiveFibonacci.java:17)
	at ch.epfl.sweng.contracts.RecursiveFibonacci.apply(RecursiveFibonacci.java:17)
	at ch.epfl.sweng.contracts.RecursiveFibonacci.apply(RecursiveFibonacci.java:17)
	at ch.epfl.sweng.contracts.RecursiveFibonacci.apply(RecursiveFibonacci.java:17)
	at ch.epfl.sweng.contracts.RecursiveFibonacci.apply(RecursiveFibonacci.java:17)
	at ch.epfl.sweng.contracts.RecursiveFibonacci.apply(RecursiveFibonacci.java:17)
	at ch.epfl.sweng.contracts.RecursiveFibonacci.apply(RecursiveFibonacci.java:17)
	at ch.epfl.sweng.contracts.RecursiveFibonacci.apply(RecursiveFibonacci.java:17)
	at ch.epfl.sweng.contracts.RecursiveFibonacci.apply(RecursiveFibonacci.java:17)
	at ch.epfl.sweng.contracts.RecursiveFibonacci.apply(RecursiveFibonacci.java:17)
	at ch.epfl.sweng.contracts.RecursiveFibonacci.apply(RecursiveFibonacci.java:17)
	at ch.epfl.sweng.contracts.RecursiveFibonacci.apply(RecursiveFibonacci.java:17)
	at ch.epfl.sweng.contracts.RecursiveFibonacci.apply(RecursiveFibonacci.java:17)
	at ch.epfl.sweng.contracts.RecursiveFibonacci.apply(RecursiveFibonacci.java:17)
	at ch.epfl.sweng.contracts.RecursiveFibonacci.apply(RecursiveFibonacci.java:17)
	at ch.epfl.sweng.contracts.RecursiveFibonacci.apply(RecursiveFibonacci.java:17)
	at ch.epfl.sweng.contracts.RecursiveFibonacci.apply(RecursiveFibonacci.java:17)
	at ch.epfl.sweng.contracts.RecursiveFibonacci.apply(RecursiveFibonacci.java:17)
	at ch.epfl.sweng.contracts.RecursiveFibonacci.apply(RecursiveFibonacci.java:17)
	at ch.epfl.sweng.contracts.RecursiveFibonacci.apply(RecursiveFibonacci.java:17)
	at ch.epfl.sweng.contracts.RecursiveFibonacci.apply(RecursiveFibonacci.java:17)
	at ch.epfl.sweng.contracts.RecursiveFibonacci.apply(RecursiveFibonacci.java:17)
	at ch.epfl.sweng.contracts.RecursiveFibonacci.apply(RecursiveFibonacci.java:17)
	at ch.epfl.sweng.contracts.RecursiveFibonacci.apply(RecursiveFibonacci.java:17)
	at ch.epfl.sweng.contracts.RecursiveFibonacci.apply(RecursiveFibonacci.java:17)
	at ch.epfl.sweng.contracts.RecursiveFibonacci.apply(RecursiveFibonacci.java:17)
	at ch.epfl.sweng.contracts.RecursiveFibonacci.apply(RecursiveFibonacci.java:17)
	at ch.epfl.sweng.contracts.RecursiveFibonacci.apply(RecursiveFibonacci.java:17)
	at ch.epfl.sweng.contracts.RecursiveFibonacci.apply(RecursiveFibonacci.java:17)
	at ch.epfl.sweng.contracts.RecursiveFibonacci.apply(RecursiveFibonacci.java:17)
	at ch.epfl.sweng.contracts.RecursiveFibonacci.apply(RecursiveFibonacci.java:17)
	at ch.epfl.sweng.contracts.RecursiveFibonacci.apply(RecursiveFibonacci.java:17)
	at ch.epfl.sweng.contracts.RecursiveFibonacci.apply(RecursiveFibonacci.java:17)
	at ch.epfl.sweng.contracts.RecursiveFibonacci.apply(RecursiveFibonacci.java:17)
	at ch.epfl.sweng.contracts.RecursiveFibonacci.apply(RecursiveFibonacci.java:17)
	at ch.epfl.sweng.contracts.RecursiveFibonacci.apply(RecursiveFibonacci.java:17)
	at ch.epfl.sweng.contracts.RecursiveFibonacci.apply(RecursiveFibonacci.java:17)
	at ch.epfl.sweng.contracts.RecursiveFibonacci.apply(RecursiveFibonacci.java:17)
	at ch.epfl.sweng.contracts.RecursiveFibonacci.apply(RecursiveFibonacci.java:17)
	at ch.epfl.sweng.contracts.RecursiveFibonacci.apply(RecursiveFibonacci.java:17)
	at ch.epfl.sweng.contracts.RecursiveFibonacci.apply(RecursiveFibonacci.java:17)
	at ch.epfl.sweng.contracts.RecursiveFibonacci.apply(RecursiveFibonacci.java:17)
	at ch.epfl.sweng.contracts.RecursiveFibonacci.apply(RecursiveFibonacci.java:17)
	at ch.epfl.sweng.contracts.RecursiveFibonacci.apply(RecursiveFibonacci.java:17)
	at ch.epfl.sweng.contracts.RecursiveFibonacci.apply(RecursiveFibonacci.java:17)
	at ch.epfl.sweng.contracts.RecursiveFibonacci.apply(RecursiveFibonacci.java:17)
	at ch.epfl.sweng.contracts.RecursiveFibonacci.apply(RecursiveFibonacci.java:17)
	at ch.epfl.sweng.contracts.RecursiveFibonacci.apply(RecursiveFibonacci.java:17)
	at ch.epfl.sweng.contracts.RecursiveFibonacci.apply(RecursiveFibonacci.java:17)
	at ch.epfl.sweng.contracts.RecursiveFibonacci.apply(RecursiveFibonacci.java:17)
	at ch.epfl.sweng.contracts.RecursiveFibonacci.apply(RecursiveFibonacci.java:17)
	at ch.epfl.sweng.contracts.RecursiveFibonacci.apply(RecursiveFibonacci.java:17)
	at ch.epfl.sweng.contracts.RecursiveFibonacci.apply(RecursiveFibonacci.java:17)
	at ch.epfl.sweng.contracts.RecursiveFibonacci.apply(RecursiveFibonacci.java:17)
	at ch.epfl.sweng.contracts.RecursiveFibonacci.apply(RecursiveFibonacci.java:17)
	at ch.epfl.sweng.contracts.RecursiveFibonacci.apply(RecursiveFibonacci.java:17)
	at ch.epfl.sweng.contracts.RecursiveFibonacci.apply(RecursiveFibonacci.java:17)
	at ch.epfl.sweng.contracts.RecursiveFibonacci.apply(RecursiveFibonacci.java:17)
	at ch.epfl.sweng.contracts.RecursiveFibonacci.apply(RecursiveFibonacci.java:17)
	at ch.epfl.sweng.contracts.RecursiveFibonacci.apply(RecursiveFibonacci.java:17)
	at ch.epfl.sweng.contracts.RecursiveFibonacci.apply(RecursiveFibonacci.java:17)
	at ch.epfl.sweng.contracts.RecursiveFibonacci.apply(RecursiveFibonacci.java:17)
	at ch.epfl.sweng.contracts.RecursiveFibonacci.apply(RecursiveFibonacci.java:17)
	at ch.epfl.sweng.contracts.RecursiveFibonacci.apply(RecursiveFibonacci.java:17)
	at ch.epfl.sweng.contracts.RecursiveFibonacci.apply(RecursiveFibonacci.java:17)
	at ch.epfl.sweng.contracts.RecursiveFibonacci.apply(RecursiveFibonacci.java:17)
	at ch.epfl.sweng.contracts.RecursiveFibonacci.apply(RecursiveFibonacci.java:17)
	at ch.epfl.sweng.contracts.RecursiveFibonacci.apply(RecursiveFibonacci.java:17)
	at ch.epfl.sweng.contracts.RecursiveFibonacci.apply(RecursiveFibonacci.java:17)
	at ch.epfl.sweng.contracts.RecursiveFibonacci.apply(RecursiveFibonacci.java:17)
	at ch.epfl.sweng.contracts.RecursiveFibonacci.apply(RecursiveFibonacci.java:17)
	at ch.epfl.sweng.contracts.RecursiveFibonacci.apply(RecursiveFibonacci.java:17)
	at ch.epfl.sweng.contracts.RecursiveFibonacci.apply(RecursiveFibonacci.java:17)
	at ch.epfl.sweng.contracts.RecursiveFibonacci.apply(RecursiveFibonacci.java:17)
	at ch.epfl.sweng.contracts.RecursiveFibonacci.apply(RecursiveFibonacci.java:17)
	at ch.epfl.sweng.contracts.RecursiveFibonacci.apply(RecursiveFibonacci.java:17)
	at ch.epfl.sweng.contracts.RecursiveFibonacci.apply(RecursiveFibonacci.java:17)
	at ch.epfl.sweng.contracts.RecursiveFibonacci.apply(RecursiveFibonacci.java:17)
	at ch.epfl.sweng.contracts.RecursiveFibonacci.apply(RecursiveFibonacci.java:17)
	at ch.epfl.sweng.contracts.RecursiveFibonacci.apply(RecursiveFibonacci.java:17)
	at ch.epfl.sweng.contracts.RecursiveFibonacci.apply(RecursiveFibonacci.java:17)
	at ch.epfl.sweng.contracts.RecursiveFibonacci.apply(RecursiveFibonacci.java:17)
	at ch.epfl.sweng.contracts.RecursiveFibonacci.apply(RecursiveFibonacci.java:17)
	at ch.epfl.sweng.contracts.RecursiveFibonacci.apply(RecursiveFibonacci.java:17)
	at ch.epfl.sweng.contracts.RecursiveFibonacci.apply(RecursiveFibonacci.java:17)
	at ch.epfl.sweng.contracts.RecursiveFibonacci.apply(RecursiveFibonacci.java:17)
	at ch.epfl.sweng.contracts.RecursiveFibonacci.apply(RecursiveFibonacci.java:17)
	at ch.epfl.sweng.contracts.RecursiveFibonacci.apply(RecursiveFibonacci.java:17)
	at ch.epfl.sweng.contracts.RecursiveFibonacci.apply(RecursiveFibonacci.java:17)
	at ch.epfl.sweng.contracts.RecursiveFibonacci.apply(RecursiveFibonacci.java:17)
	at ch.epfl.sweng.contracts.RecursiveFibonacci.apply(RecursiveFibonacci.java:17)
	at ch.epfl.sweng.contracts.RecursiveFibonacci.apply(RecursiveFibonacci.java:17)
	at ch.epfl.sweng.contracts.RecursiveFibonacci.apply(RecursiveFibonacci.java:17)
	at ch.epfl.sweng.contracts.RecursiveFibonacci.apply(RecursiveFibonacci.java:17)
	at ch.epfl.sweng.contracts.RecursiveFibonacci.apply(RecursiveFibonacci.java:17)
	at ch.epfl.sweng.contracts.RecursiveFibonacci.apply(RecursiveFibonacci.java:17)
	at ch.epfl.sweng.contracts.RecursiveFibonacci.apply(RecursiveFibonacci.java:17)
	at ch.epfl.sweng.contracts.RecursiveFibonacci.apply(RecursiveFibonacci.java:17)
	at ch.epfl.sweng.contracts.RecursiveFibonacci.apply(RecursiveFibonacci.java:17)
	at ch.epfl.sweng.contracts.RecursiveFibonacci.apply(RecursiveFibonacci.java:17)
	at ch.epfl.sweng.contracts.RecursiveFibonacci.apply(RecursiveFibonacci.java:17)
	at ch.epfl.sweng.contracts.RecursiveFibonacci.apply(RecursiveFibonacci.java:17)
	at ch.epfl.sweng.contracts.RecursiveFibonacci.apply(RecursiveFibonacci.java:17)
	at ch.epfl.sweng.contracts.RecursiveFibonacci.apply(RecursiveFibonacci.java:17)
	at ch.epfl.sweng.contracts.RecursiveFibonacci.apply(RecursiveFibonacci.java:17)
	at ch.epfl.sweng.contracts.RecursiveFibonacci.apply(RecursiveFibonacci.java:17)
	at ch.epfl.sweng.contracts.RecursiveFibonacci.apply(RecursiveFibonacci.java:17)
	at ch.epfl.sweng.contracts.RecursiveFibonacci.apply(RecursiveFibonacci.java:17)
	at ch.epfl.sweng.contracts.RecursiveFibonacci.apply(RecursiveFibonacci.java:17)
	at ch.epfl.sweng.contracts.RecursiveFibonacci.apply(RecursiveFibonacci.java:17)
	at ch.epfl.sweng.contracts.RecursiveFibonacci.apply(RecursiveFibonacci.java:17)
	at ch.epfl.sweng.contracts.RecursiveFibonacci.apply(RecursiveFibonacci.java:17)
	at ch.epfl.sweng.contracts.RecursiveFibonacci.apply(RecursiveFibonacci.java:17)
	at ch.epfl.sweng.contracts.RecursiveFibonacci.apply(RecursiveFibonacci.java:17)
	at ch.epfl.sweng.contracts.RecursiveFibonacci.apply(RecursiveFibonacci.java:17)
	at ch.epfl.sweng.contracts.RecursiveFibonacci.apply(RecursiveFibonacci.java:17)
	at ch.epfl.sweng.contracts.RecursiveFibonacci.apply(RecursiveFibonacci.java:17)
	at ch.epfl.sweng.contracts.RecursiveFibonacci.apply(RecursiveFibonacci.java:17)
	at ch.epfl.sweng.contracts.RecursiveFibonacci.apply(RecursiveFibonacci.java:17)
	at ch.epfl.sweng.contracts.RecursiveFibonacci.apply(RecursiveFibonacci.java:17)
	at ch.epfl.sweng.contracts.RecursiveFibonacci.apply(RecursiveFibonacci.java:17)
	at ch.epfl.sweng.contracts.RecursiveFibonacci.apply(RecursiveFibonacci.java:17)
	at ch.epfl.sweng.contracts.RecursiveFibonacci.apply(RecursiveFibonacci.java:17)
	at ch.epfl.sweng.contracts.RecursiveFibonacci.apply(RecursiveFibonacci.java:17)
	at ch.epfl.sweng.contracts.RecursiveFibonacci.apply(RecursiveFibonacci.java:17)
	at ch.epfl.sweng.contracts.RecursiveFibonacci.apply(RecursiveFibonacci.java:17)
	at ch.epfl.sweng.contracts.RecursiveFibonacci.apply(RecursiveFibonacci.java:17)
	at ch.epfl.sweng.contracts.RecursiveFibonacci.apply(RecursiveFibonacci.java:17)
	at ch.epfl.sweng.contracts.RecursiveFibonacci.apply(RecursiveFibonacci.java:17)
	at ch.epfl.sweng.contracts.RecursiveFibonacci.apply(RecursiveFibonacci.java:17)
	at ch.epfl.sweng.contracts.RecursiveFibonacci.apply(RecursiveFibonacci.java:17)
	at ch.epfl.sweng.contracts.RecursiveFibonacci.apply(RecursiveFibonacci.java:17)
	at ch.epfl.sweng.contracts.RecursiveFibonacci.apply(RecursiveFibonacci.java:17)
	at ch.epfl.sweng.contracts.RecursiveFibonacci.apply(RecursiveFibonacci.java:17)
	at ch.epfl.sweng.contracts.RecursiveFibonacci.apply(RecursiveFibonacci.java:17)
	at ch.epfl.sweng.contracts.RecursiveFibonacci.apply(RecursiveFibonacci.java:17)
	at ch.epfl.sweng.contracts.RecursiveFibonacci.apply(RecursiveFibonacci.java:17)
	at ch.epfl.sweng.contracts.RecursiveFibonacci.apply(RecursiveFibonacci.java:17)
	at ch.epfl.sweng.contracts.RecursiveFibonacci.apply(RecursiveFibonacci.java:17)
	at ch.epfl.sweng.contracts.RecursiveFibonacci.apply(RecursiveFibonacci.java:17)
	at ch.epfl.sweng.contracts.RecursiveFibonacci.apply(RecursiveFibonacci.java:17)
	at ch.epfl.sweng.contracts.RecursiveFibonacci.apply(RecursiveFibonacci.java:17)
	at ch.epfl.sweng.contracts.RecursiveFibonacci.apply(RecursiveFibonacci.java:17)
	at ch.epfl.sweng.contracts.RecursiveFibonacci.apply(RecursiveFibonacci.java:17)
	at ch.epfl.sweng.contracts.RecursiveFibonacci.apply(RecursiveFibonacci.java:17)
	at ch.epfl.sweng.contracts.RecursiveFibonacci.apply(RecursiveFibonacci.java:17)
	at ch.epfl.sweng.contracts.RecursiveFibonacci.apply(RecursiveFibonacci.java:17)
	at ch.epfl.sweng.contracts.RecursiveFibonacci.apply(RecursiveFibonacci.java:17)
	at ch.epfl.sweng.contracts.RecursiveFibonacci.apply(RecursiveFibonacci.java:17)
	at ch.epfl.sweng.contracts.RecursiveFibonacci.apply(RecursiveFibonacci.java:17)
	at ch.epfl.sweng.contracts.RecursiveFibonacci.apply(RecursiveFibonacci.java:17)
	at ch.epfl.sweng.contracts.RecursiveFibonacci.apply(RecursiveFibonacci.java:17)
	at ch.epfl.sweng.contracts.RecursiveFibonacci.apply(RecursiveFibonacci.java:17)
	at ch.epfl.sweng.contracts.RecursiveFibonacci.apply(RecursiveFibonacci.java:17)
	at ch.epfl.sweng.contracts.RecursiveFibonacci.apply(RecursiveFibonacci.java:17)
	at ch.epfl.sweng.contracts.RecursiveFibonacci.apply(RecursiveFibonacci.java:17)
	at ch.epfl.sweng.contracts.RecursiveFibonacci.apply(RecursiveFibonacci.java:17)
	at ch.epfl.sweng.contracts.RecursiveFibonacci.apply(RecursiveFibonacci.java:17)
	at ch.epfl.sweng.contracts.RecursiveFibonacci.apply(RecursiveFibonacci.java:17)
	at ch.epfl.sweng.contracts.RecursiveFibonacci.apply(RecursiveFibonacci.java:17)
	at ch.epfl.sweng.contracts.RecursiveFibonacci.apply(RecursiveFibonacci.java:17)
	at ch.epfl.sweng.contracts.RecursiveFibonacci.apply(RecursiveFibonacci.java:17)
	at ch.epfl.sweng.contracts.RecursiveFibonacci.apply(RecursiveFibonacci.java:17)
	at ch.epfl.sweng.contracts.RecursiveFibonacci.apply(RecursiveFibonacci.java:17)
	at ch.epfl.sweng.contracts.RecursiveFibonacci.apply(RecursiveFibonacci.java:17)
	at ch.epfl.sweng.contracts.RecursiveFibonacci.apply(RecursiveFibonacci.java:17)
	at ch.epfl.sweng.contracts.RecursiveFibonacci.apply(RecursiveFibonacci.java:17)
	at ch.epfl.sweng.contracts.RecursiveFibonacci.apply(RecursiveFibonacci.java:17)
	at ch.epfl.sweng.contracts.RecursiveFibonacci.apply(RecursiveFibonacci.java:17)
	at ch.epfl.sweng.contracts.RecursiveFibonacci.apply(RecursiveFibonacci.java:17)
	at ch.epfl.sweng.contracts.RecursiveFibonacci.apply(RecursiveFibonacci.java:17)
	at ch.epfl.sweng.contracts.RecursiveFibonacci.apply(RecursiveFibonacci.java:17)
	at ch.epfl.sweng.contracts.RecursiveFibonacci.apply(RecursiveFibonacci.java:17)
	at ch.epfl.sweng.contracts.RecursiveFibonacci.apply(RecursiveFibonacci.java:17)
	at ch.epfl.sweng.contracts.RecursiveFibonacci.apply(RecursiveFibonacci.java:17)
	at ch.epfl.sweng.contracts.RecursiveFibonacci.apply(RecursiveFibonacci.java:17)
	at ch.epfl.sweng.contracts.RecursiveFibonacci.apply(RecursiveFibonacci.java:17)
	at ch.epfl.sweng.contracts.RecursiveFibonacci.apply(RecursiveFibonacci.java:17)
	at ch.epfl.sweng.contracts.RecursiveFibonacci.apply(RecursiveFibonacci.java:17)
	at ch.epfl.sweng.contracts.RecursiveFibonacci.apply(RecursiveFibonacci.java:17)
	at ch.epfl.sweng.contracts.RecursiveFibonacci.apply(RecursiveFibonacci.java:17)
	at ch.epfl.sweng.contracts.RecursiveFibonacci.apply(RecursiveFibonacci.java:17)
	at ch.epfl.sweng.contracts.RecursiveFibonacci.apply(RecursiveFibonacci.java:17)
	at ch.epfl.sweng.contracts.RecursiveFibonacci.apply(RecursiveFibonacci.java:17)
	at ch.epfl.sweng.contracts.RecursiveFibonacci.apply(RecursiveFibonacci.java:17)
	at ch.epfl.sweng.contracts.RecursiveFibonacci.apply(RecursiveFibonacci.java:17)
	at ch.epfl.sweng.contracts.RecursiveFibonacci.apply(RecursiveFibonacci.java:17)
	at ch.epfl.sweng.contracts.RecursiveFibonacci.apply(RecursiveFibonacci.java:17)
	at ch.epfl.sweng.contracts.RecursiveFibonacci.apply(RecursiveFibonacci.java:17)
	at ch.epfl.sweng.contracts.RecursiveFibonacci.apply(RecursiveFibonacci.java:17)
	at ch.epfl.sweng.contracts.RecursiveFibonacci.apply(RecursiveFibonacci.java:17)
	at ch.epfl.sweng.contracts.RecursiveFibonacci.apply(RecursiveFibonacci.java:17)
	at ch.epfl.sweng.contracts.RecursiveFibonacci.apply(RecursiveFibonacci.java:17)
	at ch.epfl.sweng.contracts.RecursiveFibonacci.apply(RecursiveFibonacci.java:17)
	at ch.epfl.sweng.contracts.RecursiveFibonacci.apply(RecursiveFibonacci.java:17)
	at ch.epfl.sweng.contracts.RecursiveFibonacci.apply(RecursiveFibonacci.java:17)
	at ch.epfl.sweng.contracts.RecursiveFibonacci.apply(RecursiveFibonacci.java:17)
	at ch.epfl.sweng.contracts.RecursiveFibonacci.apply(RecursiveFibonacci.java:17)
	at ch.epfl.sweng.contracts.RecursiveFibonacci.apply(RecursiveFibonacci.java:17)
	at ch.epfl.sweng.contracts.RecursiveFibonacci.apply(RecursiveFibonacci.java:17)
	at ch.epfl.sweng.contracts.RecursiveFibonacci.apply(RecursiveFibonacci.java:17)
	at ch.epfl.sweng.contracts.RecursiveFibonacci.apply(RecursiveFibonacci.java:17)
	at ch.epfl.sweng.contracts.RecursiveFibonacci.apply(RecursiveFibonacci.java:17)
	at ch.epfl.sweng.contracts.RecursiveFibonacci.apply(RecursiveFibonacci.java:17)
	at ch.epfl.sweng.contracts.RecursiveFibonacci.apply(RecursiveFibonacci.java:17)
	at ch.epfl.sweng.contracts.RecursiveFibonacci.apply(RecursiveFibonacci.java:17)
	at ch.epfl.sweng.contracts.RecursiveFibonacci.apply(RecursiveFibonacci.java:17)
	at ch.epfl.sweng.contracts.RecursiveFibonacci.apply(RecursiveFibonacci.java:17)
	at ch.epfl.sweng.contracts.RecursiveFibonacci.apply(RecursiveFibonacci.java:17)
	at ch.epfl.sweng.contracts.RecursiveFibonacci.apply(RecursiveFibonacci.java:17)
	at ch.epfl.sweng.contracts.RecursiveFibonacci.apply(RecursiveFibonacci.java:17)
	at ch.epfl.sweng.contracts.RecursiveFibonacci.apply(RecursiveFibonacci.java:17)
	at ch.epfl.sweng.contracts.RecursiveFibonacci.apply(RecursiveFibonacci.java:17)
	at ch.epfl.sweng.contracts.RecursiveFibonacci.apply(RecursiveFibonacci.java:17)
	at ch.epfl.sweng.contracts.RecursiveFibonacci.apply(RecursiveFibonacci.java:17)
	at ch.epfl.sweng.contracts.RecursiveFibonacci.apply(RecursiveFibonacci.java:17)
	at ch.epfl.sweng.contracts.RecursiveFibonacci.apply(RecursiveFibonacci.java:17)
	at ch.epfl.sweng.contracts.RecursiveFibonacci.apply(RecursiveFibonacci.java:17)
	at ch.epfl.sweng.contracts.RecursiveFibonacci.apply(RecursiveFibonacci.java:17)
	at ch.epfl.sweng.contracts.RecursiveFibonacci.apply(RecursiveFibonacci.java:17)
	at ch.epfl.sweng.contracts.RecursiveFibonacci.apply(RecursiveFibonacci.java:17)
	at ch.epfl.sweng.contracts.RecursiveFibonacci.apply(RecursiveFibonacci.java:17)
	at ch.epfl.sweng.contracts.RecursiveFibonacci.apply(RecursiveFibonacci.java:17)
	at ch.epfl.sweng.contracts.RecursiveFibonacci.apply(RecursiveFibonacci.java:17)
	at ch.epfl.sweng.contracts.RecursiveFibonacci.apply(RecursiveFibonacci.java:17)
	at ch.epfl.sweng.contracts.RecursiveFibonacci.apply(RecursiveFibonacci.java:17)
	at ch.epfl.sweng.contracts.RecursiveFibonacci.apply(RecursiveFibonacci.java:17)
	at ch.epfl.sweng.contracts.RecursiveFibonacci.apply(RecursiveFibonacci.java:17)
	at ch.epfl.sweng.contracts.RecursiveFibonacci.apply(RecursiveFibonacci.java:17)
	at ch.epfl.sweng.contracts.RecursiveFibonacci.apply(RecursiveFibonacci.java:17)
	at ch.epfl.sweng.contracts.RecursiveFibonacci.apply(RecursiveFibonacci.java:17)
	at ch.epfl.sweng.contracts.RecursiveFibonacci.apply(RecursiveFibonacci.java:17)
	at ch.epfl.sweng.contracts.RecursiveFibonacci.apply(RecursiveFibonacci.java:17)
	at ch.epfl.sweng.contracts.RecursiveFibonacci.apply(RecursiveFibonacci.java:17)
	at ch.epfl.sweng.contracts.RecursiveFibonacci.apply(RecursiveFibonacci.java:17)
	at ch.epfl.sweng.contracts.RecursiveFibonacci.apply(RecursiveFibonacci.java:17)
	at ch.epfl.sweng.contracts.RecursiveFibonacci.apply(RecursiveFibonacci.java:17)
	at ch.epfl.sweng.contracts.RecursiveFibonacci.apply(RecursiveFibonacci.java:17)
	at ch.epfl.sweng.contracts.RecursiveFibonacci.apply(RecursiveFibonacci.java:17)
	at ch.epfl.sweng.contracts.RecursiveFibonacci.apply(RecursiveFibonacci.java:17)
	at ch.epfl.sweng.contracts.RecursiveFibonacci.apply(RecursiveFibonacci.java:17)
	at ch.epfl.sweng.contracts.RecursiveFibonacci.apply(RecursiveFibonacci.java:17)
	at ch.epfl.sweng.contracts.RecursiveFibonacci.apply(RecursiveFibonacci.java:17)
	at ch.epfl.sweng.contracts.RecursiveFibonacci.apply(RecursiveFibonacci.java:17)
	at ch.epfl.sweng.contracts.RecursiveFibonacci.apply(RecursiveFibonacci.java:17)
	at ch.epfl.sweng.contracts.RecursiveFibonacci.apply(RecursiveFibonacci.java:17)
	at ch.epfl.sweng.contracts.RecursiveFibonacci.apply(RecursiveFibonacci.java:17)
	at ch.epfl.sweng.contracts.RecursiveFibonacci.apply(RecursiveFibonacci.java:17)
	at ch.epfl.sweng.contracts.RecursiveFibonacci.apply(RecursiveFibonacci.java:17)
	at ch.epfl.sweng.contracts.RecursiveFibonacci.apply(RecursiveFibonacci.java:17)
	at ch.epfl.sweng.contracts.RecursiveFibonacci.apply(RecursiveFibonacci.java:17)
	at ch.epfl.sweng.contracts.RecursiveFibonacci.apply(RecursiveFibonacci.java:17)
	at ch.epfl.sweng.contracts.RecursiveFibonacci.apply(RecursiveFibonacci.java:17)
	at ch.epfl.sweng.contracts.RecursiveFibonacci.apply(RecursiveFibonacci.java:17)
	at ch.epfl.sweng.contracts.RecursiveFibonacci.apply(RecursiveFibonacci.java:17)
	at ch.epfl.sweng.contracts.RecursiveFibonacci.apply(RecursiveFibonacci.java:17)
	at ch.epfl.sweng.contracts.RecursiveFibonacci.apply(RecursiveFibonacci.java:17)
	at ch.epfl.sweng.contracts.RecursiveFibonacci.apply(RecursiveFibonacci.java:17)
	at ch.epfl.sweng.contracts.RecursiveFibonacci.apply(RecursiveFibonacci.java:17)
	at ch.epfl.sweng.contracts.RecursiveFibonacci.apply(RecursiveFibonacci.java:17)
	at ch.epfl.sweng.contracts.RecursiveFibonacci.apply(RecursiveFibonacci.java:17)
	at ch.epfl.sweng.contracts.RecursiveFibonacci.apply(RecursiveFibonacci.java:17)
	at ch.epfl.sweng.contracts.RecursiveFibonacci.apply(RecursiveFibonacci.java:17)
	at ch.epfl.sweng.contracts.RecursiveFibonacci.apply(RecursiveFibonacci.java:17)
	at ch.epfl.sweng.contracts.RecursiveFibonacci.apply(RecursiveFibonacci.java:17)
	at ch.epfl.sweng.contracts.RecursiveFibonacci.apply(RecursiveFibonacci.java:17)
	at ch.epfl.sweng.contracts.RecursiveFibonacci.apply(RecursiveFibonacci.java:17)
	at ch.epfl.sweng.contracts.RecursiveFibonacci.apply(RecursiveFibonacci.java:17)
	at ch.epfl.sweng.contracts.RecursiveFibonacci.apply(RecursiveFibonacci.java:17)
	at ch.epfl.sweng.contracts.RecursiveFibonacci.apply(RecursiveFibonacci.java:17)
	at ch.epfl.sweng.contracts.RecursiveFibonacci.apply(RecursiveFibonacci.java:17)
	at ch.epfl.sweng.contracts.RecursiveFibonacci.apply(RecursiveFibonacci.java:17)
	at ch.epfl.sweng.contracts.RecursiveFibonacci.apply(RecursiveFibonacci.java:17)
	at ch.epfl.sweng.contracts.RecursiveFibonacci.apply(RecursiveFibonacci.java:17)
	at ch.epfl.sweng.contracts.RecursiveFibonacci.apply(RecursiveFibonacci.java:17)
	at ch.epfl.sweng.contracts.RecursiveFibonacci.apply(RecursiveFibonacci.java:17)
	at ch.epfl.sweng.contracts.RecursiveFibonacci.apply(RecursiveFibonacci.java:17)
	at ch.epfl.sweng.contracts.RecursiveFibonacci.apply(RecursiveFibonacci.java:17)
	at ch.epfl.sweng.contracts.RecursiveFibonacci.apply(RecursiveFibonacci.java:17)
	at ch.epfl.sweng.contracts.RecursiveFibonacci.apply(RecursiveFibonacci.java:17)
	at ch.epfl.sweng.contracts.RecursiveFibonacci.apply(RecursiveFibonacci.java:17)
	at ch.epfl.sweng.contracts.RecursiveFibonacci.apply(RecursiveFibonacci.java:17)
	at ch.epfl.sweng.contracts.RecursiveFibonacci.apply(RecursiveFibonacci.java:17)
	at ch.epfl.sweng.contracts.RecursiveFibonacci.apply(RecursiveFibonacci.java:17)
	at ch.epfl.sweng.contracts.RecursiveFibonacci.apply(RecursiveFibonacci.java:17)
	at ch.epfl.sweng.contracts.RecursiveFibonacci.apply(RecursiveFibonacci.java:17)
	at ch.epfl.sweng.contracts.RecursiveFibonacci.apply(RecursiveFibonacci.java:17)
	at ch.epfl.sweng.contracts.RecursiveFibonacci.apply(RecursiveFibonacci.java:17)
	at ch.epfl.sweng.contracts.RecursiveFibonacci.apply(RecursiveFibonacci.java:17)
	at ch.epfl.sweng.contracts.RecursiveFibonacci.apply(RecursiveFibonacci.java:17)
	at ch.epfl.sweng.contracts.RecursiveFibonacci.apply(RecursiveFibonacci.java:17)
	at ch.epfl.sweng.contracts.RecursiveFibonacci.apply(RecursiveFibonacci.java:17)
	at ch.epfl.sweng.contracts.RecursiveFibonacci.apply(RecursiveFibonacci.java:17)
	at ch.epfl.sweng.contracts.RecursiveFibonacci.apply(RecursiveFibonacci.java:17)
	at ch.epfl.sweng.contracts.RecursiveFibonacci.apply(RecursiveFibonacci.java:17)
	at ch.epfl.sweng.contracts.RecursiveFibonacci.apply(RecursiveFibonacci.java:17)
	at ch.epfl.sweng.contracts.RecursiveFibonacci.apply(RecursiveFibonacci.java:17)
	at ch.epfl.sweng.contracts.RecursiveFibonacci.apply(RecursiveFibonacci.java:17)
	at ch.epfl.sweng.contracts.RecursiveFibonacci.apply(RecursiveFibonacci.java:17)
	at ch.epfl.sweng.contracts.RecursiveFibonacci.apply(RecursiveFibonacci.java:17)
	at ch.epfl.sweng.contracts.RecursiveFibonacci.apply(RecursiveFibonacci.java:17)
	at ch.epfl.sweng.contracts.RecursiveFibonacci.apply(RecursiveFibonacci.java:17)
	at ch.epfl.sweng.contracts.RecursiveFibonacci.apply(RecursiveFibonacci.java:17)
	at ch.epfl.sweng.contracts.RecursiveFibonacci.apply(RecursiveFibonacci.java:17)
	at ch.epfl.sweng.contracts.RecursiveFibonacci.apply(RecursiveFibonacci.java:17)
	at ch.epfl.sweng.contracts.RecursiveFibonacci.apply(RecursiveFibonacci.java:17)
	at ch.epfl.sweng.contracts.RecursiveFibonacci.apply(RecursiveFibonacci.java:17)
	at ch.epfl.sweng.contracts.RecursiveFibonacci.apply(RecursiveFibonacci.java:17)
	at ch.epfl.sweng.contracts.RecursiveFibonacci.apply(RecursiveFibonacci.java:17)
	at ch.epfl.sweng.contracts.RecursiveFibonacci.apply(RecursiveFibonacci.java:17)
	at ch.epfl.sweng.contracts.RecursiveFibonacci.apply(RecursiveFibonacci.java:17)
	at ch.epfl.sweng.contracts.RecursiveFibonacci.apply(RecursiveFibonacci.java:17)
	at ch.epfl.sweng.contracts.RecursiveFibonacci.apply(RecursiveFibonacci.java:17)
	at ch.epfl.sweng.contracts.RecursiveFibonacci.apply(RecursiveFibonacci.java:17)
	at ch.epfl.sweng.contracts.RecursiveFibonacci.apply(RecursiveFibonacci.java:17)
	at ch.epfl.sweng.contracts.RecursiveFibonacci.apply(RecursiveFibonacci.java:17)
	at ch.epfl.sweng.contracts.RecursiveFibonacci.apply(RecursiveFibonacci.java:17)
	at ch.epfl.sweng.contracts.RecursiveFibonacci.apply(RecursiveFibonacci.java:17)
	at ch.epfl.sweng.contracts.RecursiveFibonacci.apply(RecursiveFibonacci.java:17)
	at ch.epfl.sweng.contracts.RecursiveFibonacci.apply(RecursiveFibonacci.java:17)
	at ch.epfl.sweng.contracts.RecursiveFibonacci.apply(RecursiveFibonacci.java:17)
	at ch.epfl.sweng.contracts.RecursiveFibonacci.apply(RecursiveFibonacci.java:17)
	at ch.epfl.sweng.contracts.RecursiveFibonacci.apply(RecursiveFibonacci.java:17)
	at ch.epfl.sweng.contracts.RecursiveFibonacci.apply(RecursiveFibonacci.java:17)
	at ch.epfl.sweng.contracts.RecursiveFibonacci.apply(RecursiveFibonacci.java:17)
	at ch.epfl.sweng.contracts.RecursiveFibonacci.apply(RecursiveFibonacci.java:17)
	at ch.epfl.sweng.contracts.RecursiveFibonacci.apply(RecursiveFibonacci.java:17)
	at ch.epfl.sweng.contracts.RecursiveFibonacci.apply(RecursiveFibonacci.java:17)
	at ch.epfl.sweng.contracts.RecursiveFibonacci.apply(RecursiveFibonacci.java:17)
	at ch.epfl.sweng.contracts.RecursiveFibonacci.apply(RecursiveFibonacci.java:17)
	at ch.epfl.sweng.contracts.RecursiveFibonacci.apply(RecursiveFibonacci.java:17)
	at ch.epfl.sweng.contracts.RecursiveFibonacci.apply(RecursiveFibonacci.java:17)
	at ch.epfl.sweng.contracts.RecursiveFibonacci.apply(RecursiveFibonacci.java:17)
	at ch.epfl.sweng.contracts.RecursiveFibonacci.apply(RecursiveFibonacci.java:17)
	at ch.epfl.sweng.contracts.RecursiveFibonacci.apply(RecursiveFibonacci.java:17)
	at ch.epfl.sweng.contracts.RecursiveFibonacci.apply(RecursiveFibonacci.java:17)
	at ch.epfl.sweng.contracts.RecursiveFibonacci.apply(RecursiveFibonacci.java:17)
	at ch.epfl.sweng.contracts.RecursiveFibonacci.apply(RecursiveFibonacci.java:17)
	at ch.epfl.sweng.contracts.RecursiveFibonacci.apply(RecursiveFibonacci.java:17)
	at ch.epfl.sweng.contracts.RecursiveFibonacci.apply(RecursiveFibonacci.java:17)
	at ch.epfl.sweng.contracts.RecursiveFibonacci.apply(RecursiveFibonacci.java:17)
	at ch.epfl.sweng.contracts.RecursiveFibonacci.apply(RecursiveFibonacci.java:17)
	at ch.epfl.sweng.contracts.RecursiveFibonacci.apply(RecursiveFibonacci.java:17)
	at ch.epfl.sweng.contracts.RecursiveFibonacci.apply(RecursiveFibonacci.java:17)
	at ch.epfl.sweng.contracts.RecursiveFibonacci.apply(RecursiveFibonacci.java:17)
	at ch.epfl.sweng.contracts.RecursiveFibonacci.apply(RecursiveFibonacci.java:17)
	at ch.epfl.sweng.contracts.RecursiveFibonacci.apply(RecursiveFibonacci.java:17)
	at ch.epfl.sweng.contracts.RecursiveFibonacci.apply(RecursiveFibonacci.java:17)
	at ch.epfl.sweng.contracts.RecursiveFibonacci.apply(RecursiveFibonacci.java:17)
	at ch.epfl.sweng.contracts.RecursiveFibonacci.apply(RecursiveFibonacci.java:17)
	at ch.epfl.sweng.contracts.RecursiveFibonacci.apply(RecursiveFibonacci.java:17)
	at ch.epfl.sweng.contracts.RecursiveFibonacci.apply(RecursiveFibonacci.java:17)
	at ch.epfl.sweng.contracts.RecursiveFibonacci.apply(RecursiveFibonacci.java:17)
	at ch.epfl.sweng.contracts.RecursiveFibonacci.apply(RecursiveFibonacci.java:17)
	at ch.epfl.sweng.contracts.RecursiveFibonacci.apply(RecursiveFibonacci.java:17)
	at ch.epfl.sweng.contracts.RecursiveFibonacci.apply(RecursiveFibonacci.java:17)
	at ch.epfl.sweng.contracts.RecursiveFibonacci.apply(RecursiveFibonacci.java:17)
	at ch.epfl.sweng.contracts.RecursiveFibonacci.apply(RecursiveFibonacci.java:17)
	at ch.epfl.sweng.contracts.RecursiveFibonacci.apply(RecursiveFibonacci.java:17)
	at ch.epfl.sweng.contracts.RecursiveFibonacci.apply(RecursiveFibonacci.java:17)
	at ch.epfl.sweng.contracts.RecursiveFibonacci.apply(RecursiveFibonacci.java:17)
	at ch.epfl.sweng.contracts.RecursiveFibonacci.apply(RecursiveFibonacci.java:17)
	at ch.epfl.sweng.contracts.RecursiveFibonacci.apply(RecursiveFibonacci.java:17)
	at ch.epfl.sweng.contracts.RecursiveFibonacci.apply(RecursiveFibonacci.java:17)
	at ch.epfl.sweng.contracts.RecursiveFibonacci.apply(RecursiveFibonacci.java:17)
	at ch.epfl.sweng.contracts.RecursiveFibonacci.apply(RecursiveFibonacci.java:17)
	at ch.epfl.sweng.contracts.RecursiveFibonacci.apply(RecursiveFibonacci.java:17)
	at ch.epfl.sweng.contracts.RecursiveFibonacci.apply(RecursiveFibonacci.java:17)
	at ch.epfl.sweng.contracts.RecursiveFibonacci.apply(RecursiveFibonacci.java:17)
	at ch.epfl.sweng.contracts.RecursiveFibonacci.apply(RecursiveFibonacci.java:17)
	at ch.epfl.sweng.contracts.RecursiveFibonacci.apply(RecursiveFibonacci.java:17)
	at ch.epfl.sweng.contracts.RecursiveFibonacci.apply(RecursiveFibonacci.java:17)
	at ch.epfl.sweng.contracts.RecursiveFibonacci.apply(RecursiveFibonacci.java:17)
	at ch.epfl.sweng.contracts.RecursiveFibonacci.apply(RecursiveFibonacci.java:17)
	at ch.epfl.sweng.contracts.RecursiveFibonacci.apply(RecursiveFibonacci.java:17)
	at ch.epfl.sweng.contracts.RecursiveFibonacci.apply(RecursiveFibonacci.java:17)
	at ch.epfl.sweng.contracts.RecursiveFibonacci.apply(RecursiveFibonacci.java:17)
	at ch.epfl.sweng.contracts.RecursiveFibonacci.apply(RecursiveFibonacci.java:17)
	at ch.epfl.sweng.contracts.RecursiveFibonacci.apply(RecursiveFibonacci.java:17)
	at ch.epfl.sweng.contracts.RecursiveFibonacci.apply(RecursiveFibonacci.java:17)
	at ch.epfl.sweng.contracts.RecursiveFibonacci.apply(RecursiveFibonacci.java:17)
	at ch.epfl.sweng.contracts.RecursiveFibonacci.apply(RecursiveFibonacci.java:17)
	at ch.epfl.sweng.contracts.RecursiveFibonacci.apply(RecursiveFibonacci.java:17)
	at ch.epfl.sweng.contracts.RecursiveFibonacci.apply(RecursiveFibonacci.java:17)
	at ch.epfl.sweng.contracts.RecursiveFibonacci.apply(RecursiveFibonacci.java:17)
	at ch.epfl.sweng.contracts.RecursiveFibonacci.apply(RecursiveFibonacci.java:17)
	at ch.epfl.sweng.contracts.RecursiveFibonacci.apply(RecursiveFibonacci.java:17)
	at ch.epfl.sweng.contracts.RecursiveFibonacci.apply(RecursiveFibonacci.java:17)
	at ch.epfl.sweng.contracts.RecursiveFibonacci.apply(RecursiveFibonacci.java:17)
	at ch.epfl.sweng.contracts.RecursiveFibonacci.apply(RecursiveFibonacci.java:17)
	at ch.epfl.sweng.contracts.RecursiveFibonacci.apply(RecursiveFibonacci.java:17)
	at ch.epfl.sweng.contracts.RecursiveFibonacci.apply(RecursiveFibonacci.java:17)
	at ch.epfl.sweng.contracts.RecursiveFibonacci.apply(RecursiveFibonacci.java:17)
	at ch.epfl.sweng.contracts.RecursiveFibonacci.apply(RecursiveFibonacci.java:17)
	at ch.epfl.sweng.contracts.RecursiveFibonacci.apply(RecursiveFibonacci.java:17)
	at ch.epfl.sweng.contracts.RecursiveFibonacci.apply(RecursiveFibonacci.java:17)
	at ch.epfl.sweng.contracts.RecursiveFibonacci.apply(RecursiveFibonacci.java:17)
	at ch.epfl.sweng.contracts.RecursiveFibonacci.apply(RecursiveFibonacci.java:17)
	at ch.epfl.sweng.contracts.RecursiveFibonacci.apply(RecursiveFibonacci.java:17)
	at ch.epfl.sweng.contracts.RecursiveFibonacci.apply(RecursiveFibonacci.java:17)
	at ch.epfl.sweng.contracts.RecursiveFibonacci.apply(RecursiveFibonacci.java:17)
	at ch.epfl.sweng.contracts.RecursiveFibonacci.apply(RecursiveFibonacci.java:17)
	at ch.epfl.sweng.contracts.RecursiveFibonacci.apply(RecursiveFibonacci.java:17)
	at ch.epfl.sweng.contracts.RecursiveFibonacci.apply(RecursiveFibonacci.java:17)
	at ch.epfl.sweng.contracts.RecursiveFibonacci.apply(RecursiveFibonacci.java:17)
	at ch.epfl.sweng.contracts.RecursiveFibonacci.apply(RecursiveFibonacci.java:17)
	at ch.epfl.sweng.contracts.RecursiveFibonacci.apply(RecursiveFibonacci.java:17)
	at ch.epfl.sweng.contracts.RecursiveFibonacci.apply(RecursiveFibonacci.java:17)
	at ch.epfl.sweng.contracts.RecursiveFibonacci.apply(RecursiveFibonacci.java:17)
	at ch.epfl.sweng.contracts.RecursiveFibonacci.apply(RecursiveFibonacci.java:17)
	at ch.epfl.sweng.contracts.RecursiveFibonacci.apply(RecursiveFibonacci.java:17)
	at ch.epfl.sweng.contracts.RecursiveFibonacci.apply(RecursiveFibonacci.java:17)
	at ch.epfl.sweng.contracts.RecursiveFibonacci.apply(RecursiveFibonacci.java:17)
	at ch.epfl.sweng.contracts.RecursiveFibonacci.apply(RecursiveFibonacci.java:17)
	at ch.epfl.sweng.contracts.RecursiveFibonacci.apply(RecursiveFibonacci.java:17)
	at ch.epfl.sweng.contracts.RecursiveFibonacci.apply(RecursiveFibonacci.java:17)
	at ch.epfl.sweng.contracts.RecursiveFibonacci.apply(RecursiveFibonacci.java:17)
	at ch.epfl.sweng.contracts.RecursiveFibonacci.apply(RecursiveFibonacci.java:17)
	at ch.epfl.sweng.contracts.RecursiveFibonacci.apply(RecursiveFibonacci.java:17)
	at ch.epfl.sweng.contracts.RecursiveFibonacci.apply(RecursiveFibonacci.java:17)
	at ch.epfl.sweng.contracts.RecursiveFibonacci.apply(RecursiveFibonacci.java:17)
	at ch.epfl.sweng.contracts.RecursiveFibonacci.apply(RecursiveFibonacci.java:17)
	at ch.epfl.sweng.contracts.RecursiveFibonacci.apply(RecursiveFibonacci.java:17)
	at ch.epfl.sweng.contracts.RecursiveFibonacci.apply(RecursiveFibonacci.java:17)
	at ch.epfl.sweng.contracts.RecursiveFibonacci.apply(RecursiveFibonacci.java:17)
	at ch.epfl.sweng.contracts.RecursiveFibonacci.apply(RecursiveFibonacci.java:17)
	at ch.epfl.sweng.contracts.RecursiveFibonacci.apply(RecursiveFibonacci.java:17)
	at ch.epfl.sweng.contracts.RecursiveFibonacci.apply(RecursiveFibonacci.java:17)
	at ch.epfl.sweng.contracts.RecursiveFibonacci.apply(RecursiveFibonacci.java:17)
	at ch.epfl.sweng.contracts.RecursiveFibonacci.apply(RecursiveFibonacci.java:17)
	at ch.epfl.sweng.contracts.RecursiveFibonacci.apply(RecursiveFibonacci.java:17)
	at ch.epfl.sweng.contracts.RecursiveFibonacci.apply(RecursiveFibonacci.java:17)
	at ch.epfl.sweng.contracts.RecursiveFibonacci.apply(RecursiveFibonacci.java:17)
	at ch.epfl.sweng.contracts.RecursiveFibonacci.apply(RecursiveFibonacci.java:17)
	at ch.epfl.sweng.contracts.RecursiveFibonacci.apply(RecursiveFibonacci.java:17)
	at ch.epfl.sweng.contracts.RecursiveFibonacci.apply(RecursiveFibonacci.java:17)
	at ch.epfl.sweng.contracts.RecursiveFibonacci.apply(RecursiveFibonacci.java:17)
	at ch.epfl.sweng.contracts.RecursiveFibonacci.apply(RecursiveFibonacci.java:17)
	at ch.epfl.sweng.contracts.RecursiveFibonacci.apply(RecursiveFibonacci.java:17)
	at ch.epfl.sweng.contracts.RecursiveFibonacci.apply(RecursiveFibonacci.java:17)
	at ch.epfl.sweng.contracts.RecursiveFibonacci.apply(RecursiveFibonacci.java:17)
	at ch.epfl.sweng.contracts.RecursiveFibonacci.apply(RecursiveFibonacci.java:17)
	at ch.epfl.sweng.contracts.RecursiveFibonacci.apply(RecursiveFibonacci.java:17)
	at ch.epfl.sweng.contracts.RecursiveFibonacci.apply(RecursiveFibonacci.java:17)
	at ch.epfl.sweng.contracts.RecursiveFibonacci.apply(RecursiveFibonacci.java:17)
	at ch.epfl.sweng.contracts.RecursiveFibonacci.apply(RecursiveFibonacci.java:17)
	at ch.epfl.sweng.contracts.RecursiveFibonacci.apply(RecursiveFibonacci.java:17)
	at ch.epfl.sweng.contracts.RecursiveFibonacci.apply(RecursiveFibonacci.java:17)
	at ch.epfl.sweng.contracts.RecursiveFibonacci.apply(RecursiveFibonacci.java:17)
	at ch.epfl.sweng.contracts.RecursiveFibonacci.apply(RecursiveFibonacci.java:17)
	at ch.epfl.sweng.contracts.RecursiveFibonacci.apply(RecursiveFibonacci.java:17)
	at ch.epfl.sweng.contracts.RecursiveFibonacci.apply(RecursiveFibonacci.java:17)
	at ch.epfl.sweng.contracts.RecursiveFibonacci.apply(RecursiveFibonacci.java:17)
	at ch.epfl.sweng.contracts.RecursiveFibonacci.apply(RecursiveFibonacci.java:17)
	at ch.epfl.sweng.contracts.RecursiveFibonacci.apply(RecursiveFibonacci.java:17)
	at ch.epfl.sweng.contracts.RecursiveFibonacci.apply(RecursiveFibonacci.java:17)
	at ch.epfl.sweng.contracts.RecursiveFibonacci.apply(RecursiveFibonacci.java:17)
	at ch.epfl.sweng.contracts.RecursiveFibonacci.apply(RecursiveFibonacci.java:17)
	at ch.epfl.sweng.contracts.RecursiveFibonacci.apply(RecursiveFibonacci.java:17)
	at ch.epfl.sweng.contracts.RecursiveFibonacci.apply(RecursiveFibonacci.java:17)
	at ch.epfl.sweng.contracts.RecursiveFibonacci.apply(RecursiveFibonacci.java:17)
	at ch.epfl.sweng.contracts.RecursiveFibonacci.apply(RecursiveFibonacci.java:17)
	at ch.epfl.sweng.contracts.RecursiveFibonacci.apply(RecursiveFibonacci.java:17)
	at ch.epfl.sweng.contracts.RecursiveFibonacci.apply(RecursiveFibonacci.java:17)
	at ch.epfl.sweng.contracts.RecursiveFibonacci.apply(RecursiveFibonacci.java:17)
	at ch.epfl.sweng.contracts.RecursiveFibonacci.apply(RecursiveFibonacci.java:17)
	at ch.epfl.sweng.contracts.RecursiveFibonacci.apply(RecursiveFibonacci.java:17)
	at ch.epfl.sweng.contracts.RecursiveFibonacci.apply(RecursiveFibonacci.java:17)
	at ch.epfl.sweng.contracts.RecursiveFibonacci.apply(RecursiveFibonacci.java:17)
	at ch.epfl.sweng.contracts.RecursiveFibonacci.apply(RecursiveFibonacci.java:17)
	at ch.epfl.sweng.contracts.RecursiveFibonacci.apply(RecursiveFibonacci.java:17)
	at ch.epfl.sweng.contracts.RecursiveFibonacci.apply(RecursiveFibonacci.java:17)
	at ch.epfl.sweng.contracts.RecursiveFibonacci.apply(RecursiveFibonacci.java:17)
	at ch.epfl.sweng.contracts.RecursiveFibonacci.apply(RecursiveFibonacci.java:17)
	at ch.epfl.sweng.contracts.RecursiveFibonacci.apply(RecursiveFibonacci.java:17)
	at ch.epfl.sweng.contracts.RecursiveFibonacci.apply(RecursiveFibonacci.java:17)
	at ch.epfl.sweng.contracts.RecursiveFibonacci.apply(RecursiveFibonacci.java:17)
	at ch.epfl.sweng.contracts.RecursiveFibonacci.apply(RecursiveFibonacci.java:17)
	at ch.epfl.sweng.contracts.RecursiveFibonacci.apply(RecursiveFibonacci.java:17)
	at ch.epfl.sweng.contracts.RecursiveFibonacci.apply(RecursiveFibonacci.java:17)
	at ch.epfl.sweng.contracts.RecursiveFibonacci.apply(RecursiveFibonacci.java:17)
	at ch.epfl.sweng.contracts.RecursiveFibonacci.apply(RecursiveFibonacci.java:17)
	at ch.epfl.sweng.contracts.RecursiveFibonacci.apply(RecursiveFibonacci.java:17)
	at ch.epfl.sweng.contracts.RecursiveFibonacci.apply(RecursiveFibonacci.java:17)
	at ch.epfl.sweng.contracts.RecursiveFibonacci.apply(RecursiveFibonacci.java:17)
	at ch.epfl.sweng.contracts.RecursiveFibonacci.apply(RecursiveFibonacci.java:17)
	at ch.epfl.sweng.contracts.RecursiveFibonacci.apply(RecursiveFibonacci.java:17)
	at ch.epfl.sweng.contracts.RecursiveFibonacci.apply(RecursiveFibonacci.java:17)
	at ch.epfl.sweng.contracts.RecursiveFibonacci.apply(RecursiveFibonacci.java:17)
	at ch.epfl.sweng.contracts.RecursiveFibonacci.apply(RecursiveFibonacci.java:17)
	at ch.epfl.sweng.contracts.RecursiveFibonacci.apply(RecursiveFibonacci.java:17)
	at ch.epfl.sweng.contracts.RecursiveFibonacci.apply(RecursiveFibonacci.java:17)
	at ch.epfl.sweng.contracts.RecursiveFibonacci.apply(RecursiveFibonacci.java:17)
	at ch.epfl.sweng.contracts.RecursiveFibonacci.apply(RecursiveFibonacci.java:17)
	at ch.epfl.sweng.contracts.RecursiveFibonacci.apply(RecursiveFibonacci.java:17)
	at ch.epfl.sweng.contracts.RecursiveFibonacci.apply(RecursiveFibonacci.java:17)
	at ch.epfl.sweng.contracts.RecursiveFibonacci.apply(RecursiveFibonacci.java:17)
	at ch.epfl.sweng.contracts.RecursiveFibonacci.apply(RecursiveFibonacci.java:17)
	at ch.epfl.sweng.contracts.RecursiveFibonacci.apply(RecursiveFibonacci.java:17)
	at ch.epfl.sweng.contracts.RecursiveFibonacci.apply(RecursiveFibonacci.java:17)
	at ch.epfl.sweng.contracts.RecursiveFibonacci.apply(RecursiveFibonacci.java:17)
	at ch.epfl.sweng.contracts.RecursiveFibonacci.apply(RecursiveFibonacci.java:17)
	at ch.epfl.sweng.contracts.RecursiveFibonacci.apply(RecursiveFibonacci.java:17)
	at ch.epfl.sweng.contracts.RecursiveFibonacci.apply(RecursiveFibonacci.java:17)
	at ch.epfl.sweng.contracts.RecursiveFibonacci.apply(RecursiveFibonacci.java:17)
	at ch.epfl.sweng.contracts.RecursiveFibonacci.apply(RecursiveFibonacci.java:17)
	at ch.epfl.sweng.contracts.RecursiveFibonacci.apply(RecursiveFibonacci.java:17)
	at ch.epfl.sweng.contracts.RecursiveFibonacci.apply(RecursiveFibonacci.java:17)
	at ch.epfl.sweng.contracts.RecursiveFibonacci.apply(RecursiveFibonacci.java:17)
	at ch.epfl.sweng.contracts.RecursiveFibonacci.apply(RecursiveFibonacci.java:17)
	at ch.epfl.sweng.contracts.RecursiveFibonacci.apply(RecursiveFibonacci.java:17)
	at ch.epfl.sweng.contracts.RecursiveFibonacci.apply(RecursiveFibonacci.java:17)
	at ch.epfl.sweng.contracts.RecursiveFibonacci.apply(RecursiveFibonacci.java:17)
	at ch.epfl.sweng.contracts.RecursiveFibonacci.apply(RecursiveFibonacci.java:17)
	at ch.epfl.sweng.contracts.RecursiveFibonacci.apply(RecursiveFibonacci.java:17)
	at ch.epfl.sweng.contracts.RecursiveFibonacci.apply(RecursiveFibonacci.java:17)
	at ch.epfl.sweng.contracts.RecursiveFibonacci.apply(RecursiveFibonacci.java:17)
	at ch.epfl.sweng.contracts.RecursiveFibonacci.apply(RecursiveFibonacci.java:17)
	at ch.epfl.sweng.contracts.RecursiveFibonacci.apply(RecursiveFibonacci.java:17)
	at ch.epfl.sweng.contracts.RecursiveFibonacci.apply(RecursiveFibonacci.java:17)
	at ch.epfl.sweng.contracts.RecursiveFibonacci.apply(RecursiveFibonacci.java:17)
	at ch.epfl.sweng.contracts.RecursiveFibonacci.apply(RecursiveFibonacci.java:17)
	at ch.epfl.sweng.contracts.RecursiveFibonacci.apply(RecursiveFibonacci.java:17)
	at ch.epfl.sweng.contracts.RecursiveFibonacci.apply(RecursiveFibonacci.java:17)
	at ch.epfl.sweng.contracts.RecursiveFibonacci.apply(RecursiveFibonacci.java:17)
	at ch.epfl.sweng.contracts.RecursiveFibonacci.apply(RecursiveFibonacci.java:17)
	at ch.epfl.sweng.contracts.RecursiveFibonacci.apply(RecursiveFibonacci.java:17)
	at ch.epfl.sweng.contracts.RecursiveFibonacci.apply(RecursiveFibonacci.java:17)
	at ch.epfl.sweng.contracts.RecursiveFibonacci.apply(RecursiveFibonacci.java:17)
	at ch.epfl.sweng.contracts.RecursiveFibonacci.apply(RecursiveFibonacci.java:17)
	at ch.epfl.sweng.contracts.RecursiveFibonacci.apply(RecursiveFibonacci.java:17)
	at ch.epfl.sweng.contracts.RecursiveFibonacci.apply(RecursiveFibonacci.java:17)
	at ch.epfl.sweng.contracts.RecursiveFibonacci.apply(RecursiveFibonacci.java:17)
	at ch.epfl.sweng.contracts.RecursiveFibonacci.apply(RecursiveFibonacci.java:17)
	at ch.epfl.sweng.contracts.RecursiveFibonacci.apply(RecursiveFibonacci.java:17)
	at ch.epfl.sweng.contracts.RecursiveFibonacci.apply(RecursiveFibonacci.java:17)
	at ch.epfl.sweng.contracts.RecursiveFibonacci.apply(RecursiveFibonacci.java:17)
	at ch.epfl.sweng.contracts.RecursiveFibonacci.apply(RecursiveFibonacci.java:17)
	at ch.epfl.sweng.contracts.RecursiveFibonacci.apply(RecursiveFibonacci.java:17)
	at ch.epfl.sweng.contracts.RecursiveFibonacci.apply(RecursiveFibonacci.java:17)
	at ch.epfl.sweng.contracts.RecursiveFibonacci.apply(RecursiveFibonacci.java:17)
	at ch.epfl.sweng.contracts.RecursiveFibonacci.apply(RecursiveFibonacci.java:17)
	at ch.epfl.sweng.contracts.RecursiveFibonacci.apply(RecursiveFibonacci.java:17)
	at ch.epfl.sweng.contracts.RecursiveFibonacci.apply(RecursiveFibonacci.java:17)
	at ch.epfl.sweng.contracts.RecursiveFibonacci.apply(RecursiveFibonacci.java:17)
	at ch.epfl.sweng.contracts.RecursiveFibonacci.apply(RecursiveFibonacci.java:17)
	at ch.epfl.sweng.contracts.RecursiveFibonacci.apply(RecursiveFibonacci.java:17)
	at ch.epfl.sweng.contracts.RecursiveFibonacci.apply(RecursiveFibonacci.java:17)
	at ch.epfl.sweng.contracts.RecursiveFibonacci.apply(RecursiveFibonacci.java:17)
	at ch.epfl.sweng.contracts.RecursiveFibonacci.apply(RecursiveFibonacci.java:17)
	at ch.epfl.sweng.contracts.RecursiveFibonacci.apply(RecursiveFibonacci.java:17)
	at ch.epfl.sweng.contracts.RecursiveFibonacci.apply(RecursiveFibonacci.java:17)
	at ch.epfl.sweng.contracts.RecursiveFibonacci.apply(RecursiveFibonacci.java:17)
	at ch.epfl.sweng.contracts.RecursiveFibonacci.apply(RecursiveFibonacci.java:17)
	at ch.epfl.sweng.contracts.RecursiveFibonacci.apply(RecursiveFibonacci.java:17)
	at ch.epfl.sweng.contracts.RecursiveFibonacci.apply(RecursiveFibonacci.java:17)
	at ch.epfl.sweng.contracts.RecursiveFibonacci.apply(RecursiveFibonacci.java:17)
	at ch.epfl.sweng.contracts.RecursiveFibonacci.apply(RecursiveFibonacci.java:17)
	at ch.epfl.sweng.contracts.RecursiveFibonacci.apply(RecursiveFibonacci.java:17)
	at ch.epfl.sweng.contracts.RecursiveFibonacci.apply(RecursiveFibonacci.java:17)
	at ch.epfl.sweng.contracts.RecursiveFibonacci.apply(RecursiveFibonacci.java:17)
	at ch.epfl.sweng.contracts.RecursiveFibonacci.apply(RecursiveFibonacci.java:17)
	at ch.epfl.sweng.contracts.RecursiveFibonacci.apply(RecursiveFibonacci.java:17)
	at ch.epfl.sweng.contracts.RecursiveFibonacci.apply(RecursiveFibonacci.java:17)
	at ch.epfl.sweng.contracts.RecursiveFibonacci.apply(RecursiveFibonacci.java:17)
	at ch.epfl.sweng.contracts.RecursiveFibonacci.apply(RecursiveFibonacci.java:17)
	at ch.epfl.sweng.contracts.RecursiveFibonacci.apply(RecursiveFibonacci.java:17)
	at ch.epfl.sweng.contracts.RecursiveFibonacci.apply(RecursiveFibonacci.java:17)
	at ch.epfl.sweng.contracts.RecursiveFibonacci.apply(RecursiveFibonacci.java:17)
	at ch.epfl.sweng.contracts.RecursiveFibonacci.apply(RecursiveFibonacci.java:17)
	at ch.epfl.sweng.contracts.RecursiveFibonacci.apply(RecursiveFibonacci.java:17)
	at ch.epfl.sweng.contracts.RecursiveFibonacci.apply(RecursiveFibonacci.java:17)
	at ch.epfl.sweng.contracts.RecursiveFibonacci.apply(RecursiveFibonacci.java:17)
	at ch.epfl.sweng.contracts.RecursiveFibonacci.apply(RecursiveFibonacci.java:17)
	at ch.epfl.sweng.contracts.RecursiveFibonacci.apply(RecursiveFibonacci.java:17)
	at ch.epfl.sweng.contracts.RecursiveFibonacci.apply(RecursiveFibonacci.java:17)
	at ch.epfl.sweng.contracts.RecursiveFibonacci.apply(RecursiveFibonacci.java:17)
	at ch.epfl.sweng.contracts.RecursiveFibonacci.apply(RecursiveFibonacci.java:17)
	at ch.epfl.sweng.contracts.RecursiveFibonacci.apply(RecursiveFibonacci.java:17)
	at ch.epfl.sweng.contracts.RecursiveFibonacci.apply(RecursiveFibonacci.java:17)
	at ch.epfl.sweng.contracts.RecursiveFibonacci.apply(RecursiveFibonacci.java:17)
	at ch.epfl.sweng.contracts.RecursiveFibonacci.apply(RecursiveFibonacci.java:17)
	at ch.epfl.sweng.contracts.RecursiveFibonacci.apply(RecursiveFibonacci.java:17)
	at ch.epfl.sweng.contracts.RecursiveFibonacci.apply(RecursiveFibonacci.java:17)
	at ch.epfl.sweng.contracts.RecursiveFibonacci.apply(RecursiveFibonacci.java:17)
	at ch.epfl.sweng.contracts.RecursiveFibonacci.apply(RecursiveFibonacci.java:17)
	at ch.epfl.sweng.contracts.RecursiveFibonacci.apply(RecursiveFibonacci.java:17)
	at ch.epfl.sweng.contracts.RecursiveFibonacci.apply(RecursiveFibonacci.java:17)
	at ch.epfl.sweng.contracts.RecursiveFibonacci.apply(RecursiveFibonacci.java:17)
	at ch.epfl.sweng.contracts.RecursiveFibonacci.apply(RecursiveFibonacci.java:17)
	at ch.epfl.sweng.contracts.RecursiveFibonacci.apply(RecursiveFibonacci.java:17)
	at ch.epfl.sweng.contracts.RecursiveFibonacci.apply(RecursiveFibonacci.java:17)
	at ch.epfl.sweng.contracts.RecursiveFibonacci.apply(RecursiveFibonacci.java:17)
	at ch.epfl.sweng.contracts.RecursiveFibonacci.apply(RecursiveFibonacci.java:17)
	at ch.epfl.sweng.contracts.RecursiveFibonacci.apply(RecursiveFibonacci.java:17)
	at ch.epfl.sweng.contracts.RecursiveFibonacci.apply(RecursiveFibonacci.java:17)
	at ch.epfl.sweng.contracts.RecursiveFibonacci.apply(RecursiveFibonacci.java:17)
	at ch.epfl.sweng.contracts.RecursiveFibonacci.apply(RecursiveFibonacci.java:17)
	at ch.epfl.sweng.contracts.RecursiveFibonacci.apply(RecursiveFibonacci.java:17)
	at ch.epfl.sweng.contracts.RecursiveFibonacci.apply(RecursiveFibonacci.java:17)
	at ch.epfl.sweng.contracts.RecursiveFibonacci.apply(RecursiveFibonacci.java:17)
	at ch.epfl.sweng.contracts.RecursiveFibonacci.apply(RecursiveFibonacci.java:17)
	at ch.epfl.sweng.contracts.RecursiveFibonacci.apply(RecursiveFibonacci.java:17)
	at ch.epfl.sweng.contracts.RecursiveFibonacci.apply(RecursiveFibonacci.java:17)
	at ch.epfl.sweng.contracts.RecursiveFibonacci.apply(RecursiveFibonacci.java:17)
	at ch.epfl.sweng.contracts.RecursiveFibonacci.apply(RecursiveFibonacci.java:17)
	at ch.epfl.sweng.contracts.RecursiveFibonacci.apply(RecursiveFibonacci.java:17)
	at ch.epfl.sweng.contracts.RecursiveFibonacci.apply(RecursiveFibonacci.java:17)
	at ch.epfl.sweng.contracts.RecursiveFibonacci.apply(RecursiveFibonacci.java:17)
	at ch.epfl.sweng.contracts.RecursiveFibonacci.apply(RecursiveFibonacci.java:17)
	at ch.epfl.sweng.contracts.RecursiveFibonacci.apply(RecursiveFibonacci.java:17)
	at ch.epfl.sweng.contracts.RecursiveFibonacci.apply(RecursiveFibonacci.java:17)
	at ch.epfl.sweng.contracts.RecursiveFibonacci.apply(RecursiveFibonacci.java:17)
	at ch.epfl.sweng.contracts.RecursiveFibonacci.apply(RecursiveFibonacci.java:17)
	at ch.epfl.sweng.contracts.RecursiveFibonacci.apply(RecursiveFibonacci.java:17)
	at ch.epfl.sweng.contracts.RecursiveFibonacci.apply(RecursiveFibonacci.java:17)
	at ch.epfl.sweng.contracts.RecursiveFibonacci.apply(RecursiveFibonacci.java:17)
	at ch.epfl.sweng.contracts.RecursiveFibonacci.apply(RecursiveFibonacci.java:17)
	at ch.epfl.sweng.contracts.RecursiveFibonacci.apply(RecursiveFibonacci.java:17)
	at ch.epfl.sweng.contracts.RecursiveFibonacci.apply(RecursiveFibonacci.java:17)
	at ch.epfl.sweng.contracts.RecursiveFibonacci.apply(RecursiveFibonacci.java:17)
	at ch.epfl.sweng.contracts.RecursiveFibonacci.apply(RecursiveFibonacci.java:17)
	at ch.epfl.sweng.contracts.RecursiveFibonacci.apply(RecursiveFibonacci.java:17)
	at ch.epfl.sweng.contracts.RecursiveFibonacci.apply(RecursiveFibonacci.java:17)
	at ch.epfl.sweng.contracts.RecursiveFibonacci.apply(RecursiveFibonacci.java:17)
	at ch.epfl.sweng.contracts.RecursiveFibonacci.apply(RecursiveFibonacci.java:17)
	at ch.epfl.sweng.contracts.RecursiveFibonacci.apply(RecursiveFibonacci.java:17)
	at ch.epfl.sweng.contracts.RecursiveFibonacci.apply(RecursiveFibonacci.java:17)
	at ch.epfl.sweng.contracts.RecursiveFibonacci.apply(RecursiveFibonacci.java:17)
	at ch.epfl.sweng.contracts.RecursiveFibonacci.apply(RecursiveFibonacci.java:17)
	at ch.epfl.sweng.contracts.RecursiveFibonacci.apply(RecursiveFibonacci.java:17)
	at ch.epfl.sweng.contracts.RecursiveFibonacci.apply(RecursiveFibonacci.java:17)
	at ch.epfl.sweng.contracts.RecursiveFibonacci.apply(RecursiveFibonacci.java:17)
	at ch.epfl.sweng.contracts.RecursiveFibonacci.apply(RecursiveFibonacci.java:17)
	at ch.epfl.sweng.contracts.RecursiveFibonacci.apply(RecursiveFibonacci.java:17)
	at ch.epfl.sweng.contracts.RecursiveFibonacci.apply(RecursiveFibonacci.java:17)
	at ch.epfl.sweng.contracts.RecursiveFibonacci.apply(RecursiveFibonacci.java:17)
	at ch.epfl.sweng.contracts.RecursiveFibonacci.apply(RecursiveFibonacci.java:17)
	at ch.epfl.sweng.contracts.RecursiveFibonacci.apply(RecursiveFibonacci.java:17)
	at ch.epfl.sweng.contracts.RecursiveFibonacci.apply(RecursiveFibonacci.java:17)
	at ch.epfl.sweng.contracts.RecursiveFibonacci.apply(RecursiveFibonacci.java:17)
	at ch.epfl.sweng.contracts.RecursiveFibonacci.apply(RecursiveFibonacci.java:17)
	at ch.epfl.sweng.contracts.RecursiveFibonacci.apply(RecursiveFibonacci.java:17)
	at ch.epfl.sweng.contracts.RecursiveFibonacci.apply(RecursiveFibonacci.java:17)
	at ch.epfl.sweng.contracts.RecursiveFibonacci.apply(RecursiveFibonacci.java:17)
	at ch.epfl.sweng.contracts.RecursiveFibonacci.apply(RecursiveFibonacci.java:17)
	at ch.epfl.sweng.contracts.RecursiveFibonacci.apply(RecursiveFibonacci.java:17)
	at ch.epfl.sweng.contracts.RecursiveFibonacci.apply(RecursiveFibonacci.java:17)
	at ch.epfl.sweng.contracts.RecursiveFibonacci.apply(RecursiveFibonacci.java:17)
	at ch.epfl.sweng.contracts.RecursiveFibonacci.apply(RecursiveFibonacci.java:17)
	at ch.epfl.sweng.contracts.RecursiveFibonacci.apply(RecursiveFibonacci.java:17)
	at ch.epfl.sweng.contracts.RecursiveFibonacci.apply(RecursiveFibonacci.java:17)
	at ch.epfl.sweng.contracts.RecursiveFibonacci.apply(RecursiveFibonacci.java:17)
	at ch.epfl.sweng.contracts.RecursiveFibonacci.apply(RecursiveFibonacci.java:17)
	at ch.epfl.sweng.contracts.RecursiveFibonacci.apply(RecursiveFibonacci.java:17)
	at ch.epfl.sweng.contracts.RecursiveFibonacci.apply(RecursiveFibonacci.java:17)
	at ch.epfl.sweng.contracts.RecursiveFibonacci.apply(RecursiveFibonacci.java:17)
	at ch.epfl.sweng.contracts.RecursiveFibonacci.apply(RecursiveFibonacci.java:17)
	at ch.epfl.sweng.contracts.RecursiveFibonacci.apply(RecursiveFibonacci.java:17)
	at ch.epfl.sweng.contracts.RecursiveFibonacci.apply(RecursiveFibonacci.java:17)
	at ch.epfl.sweng.contracts.RecursiveFibonacci.apply(RecursiveFibonacci.java:17)
	at ch.epfl.sweng.contracts.RecursiveFibonacci.apply(RecursiveFibonacci.java:17)
	at ch.epfl.sweng.contracts.RecursiveFibonacci.apply(RecursiveFibonacci.java:17)
	at ch.epfl.sweng.contracts.RecursiveFibonacci.apply(RecursiveFibonacci.java:17)
	at ch.epfl.sweng.contracts.RecursiveFibonacci.apply(RecursiveFibonacci.java:17)
	at ch.epfl.sweng.contracts.RecursiveFibonacci.apply(RecursiveFibonacci.java:17)
	at ch.epfl.sweng.contracts.RecursiveFibonacci.apply(RecursiveFibonacci.java:17)
	at ch.epfl.sweng.contracts.RecursiveFibonacci.apply(RecursiveFibonacci.java:17)
	at ch.epfl.sweng.contracts.RecursiveFibonacci.apply(RecursiveFibonacci.java:17)
	at ch.epfl.sweng.contracts.RecursiveFibonacci.apply(RecursiveFibonacci.java:17)
	at ch.epfl.sweng.contracts.RecursiveFibonacci.apply(RecursiveFibonacci.java:17)
	at ch.epfl.sweng.contracts.RecursiveFibonacci.apply(RecursiveFibonacci.java:17)
	at ch.epfl.sweng.contracts.RecursiveFibonacci.apply(RecursiveFibonacci.java:17)
	at ch.epfl.sweng.contracts.RecursiveFibonacci.apply(RecursiveFibonacci.java:17)
	at ch.epfl.sweng.contracts.RecursiveFibonacci.apply(RecursiveFibonacci.java:17)
	at ch.epfl.sweng.contracts.RecursiveFibonacci.apply(RecursiveFibonacci.java:17)
	at ch.epfl.sweng.contracts.RecursiveFibonacci.apply(RecursiveFibonacci.java:17)
	at ch.epfl.sweng.contracts.RecursiveFibonacci.apply(RecursiveFibonacci.java:17)
	at ch.epfl.sweng.contracts.RecursiveFibonacci.apply(RecursiveFibonacci.java:17)
	at ch.epfl.sweng.contracts.RecursiveFibonacci.apply(RecursiveFibonacci.java:17)
	at ch.epfl.sweng.contracts.RecursiveFibonacci.apply(RecursiveFibonacci.java:17)
	at ch.epfl.sweng.contracts.RecursiveFibonacci.apply(RecursiveFibonacci.java:17)
	at ch.epfl.sweng.contracts.RecursiveFibonacci.apply(RecursiveFibonacci.java:17)
	at ch.epfl.sweng.contracts.RecursiveFibonacci.apply(RecursiveFibonacci.java:17)
	at ch.epfl.sweng.contracts.RecursiveFibonacci.apply(RecursiveFibonacci.java:17)
	at ch.epfl.sweng.contracts.RecursiveFibonacci.apply(RecursiveFibonacci.java:17)
	at ch.epfl.sweng.contracts.RecursiveFibonacci.apply(RecursiveFibonacci.java:17)
	at ch.epfl.sweng.contracts.RecursiveFibonacci.apply(RecursiveFibonacci.java:17)
	at ch.epfl.sweng.contracts.RecursiveFibonacci.apply(RecursiveFibonacci.java:17)
	at ch.epfl.sweng.contracts.RecursiveFibonacci.apply(RecursiveFibonacci.java:17)
	at ch.epfl.sweng.contracts.RecursiveFibonacci.apply(RecursiveFibonacci.java:17)
	at ch.epfl.sweng.contracts.RecursiveFibonacci.apply(RecursiveFibonacci.java:17)
	at ch.epfl.sweng.contracts.RecursiveFibonacci.apply(RecursiveFibonacci.java:17)
	at ch.epfl.sweng.contracts.RecursiveFibonacci.apply(RecursiveFibonacci.java:17)
	at ch.epfl.sweng.contracts.RecursiveFibonacci.apply(RecursiveFibonacci.java:17)
	at ch.epfl.sweng.contracts.RecursiveFibonacci.apply(RecursiveFibonacci.java:17)
	at ch.epfl.sweng.contracts.RecursiveFibonacci.apply(RecursiveFibonacci.java:17)
	at ch.epfl.sweng.contracts.RecursiveFibonacci.apply(RecursiveFibonacci.java:17)
	at ch.epfl.sweng.contracts.RecursiveFibonacci.apply(RecursiveFibonacci.java:17)
	at ch.epfl.sweng.contracts.RecursiveFibonacci.apply(RecursiveFibonacci.java:17)
	at ch.epfl.sweng.contracts.RecursiveFibonacci.apply(RecursiveFibonacci.java:17)
	at ch.epfl.sweng.contracts.RecursiveFibonacci.apply(RecursiveFibonacci.java:17)
	at ch.epfl.sweng.contracts.RecursiveFibonacci.apply(RecursiveFibonacci.java:17)
	at ch.epfl.sweng.contracts.RecursiveFibonacci.apply(RecursiveFibonacci.java:17)
	at ch.epfl.sweng.contracts.RecursiveFibonacci.apply(RecursiveFibonacci.java:17)
	at ch.epfl.sweng.contracts.RecursiveFibonacci.apply(RecursiveFibonacci.java:17)
	at ch.epfl.sweng.contracts.RecursiveFibonacci.apply(RecursiveFibonacci.java:17)
	at ch.epfl.sweng.contracts.RecursiveFibonacci.apply(RecursiveFibonacci.java:17)
	at ch.epfl.sweng.contracts.RecursiveFibonacci.apply(RecursiveFibonacci.java:17)
	at ch.epfl.sweng.contracts.RecursiveFibonacci.apply(RecursiveFibonacci.java:17)
	at ch.epfl.sweng.contracts.RecursiveFibonacci.apply(RecursiveFibonacci.java:17)
	at ch.epfl.sweng.contracts.RecursiveFibonacci.apply(RecursiveFibonacci.java:17)
	at ch.epfl.sweng.contracts.RecursiveFibonacci.apply(RecursiveFibonacci.java:17)
	at ch.epfl.sweng.contracts.RecursiveFibonacci.apply(RecursiveFibonacci.java:17)
	at ch.epfl.sweng.contracts.RecursiveFibonacci.apply(RecursiveFibonacci.java:17)
	at ch.epfl.sweng.contracts.RecursiveFibonacci.apply(RecursiveFibonacci.java:17)
	at ch.epfl.sweng.contracts.RecursiveFibonacci.apply(RecursiveFibonacci.java:17)
	at ch.epfl.sweng.contracts.RecursiveFibonacci.apply(RecursiveFibonacci.java:17)
	at ch.epfl.sweng.contracts.RecursiveFibonacci.apply(RecursiveFibonacci.java:17)
	at ch.epfl.sweng.contracts.RecursiveFibonacci.apply(RecursiveFibonacci.java:17)
	at ch.epfl.sweng.contracts.RecursiveFibonacci.apply(RecursiveFibonacci.java:17)
	at ch.epfl.sweng.contracts.RecursiveFibonacci.apply(RecursiveFibonacci.java:17)
	at ch.epfl.sweng.contracts.RecursiveFibonacci.apply(RecursiveFibonacci.java:17)
	at ch.epfl.sweng.contracts.RecursiveFibonacci.apply(RecursiveFibonacci.java:17)
	at ch.epfl.sweng.contracts.RecursiveFibonacci.apply(RecursiveFibonacci.java:17)
	at ch.epfl.sweng.contracts.RecursiveFibonacci.apply(RecursiveFibonacci.java:17)
	at ch.epfl.sweng.contracts.RecursiveFibonacci.apply(RecursiveFibonacci.java:17)
	at ch.epfl.sweng.contracts.RecursiveFibonacci.apply(RecursiveFibonacci.java:17)
	at ch.epfl.sweng.contracts.RecursiveFibonacci.apply(RecursiveFibonacci.java:17)
	at ch.epfl.sweng.contracts.RecursiveFibonacci.apply(RecursiveFibonacci.java:17)
	at ch.epfl.sweng.contracts.RecursiveFibonacci.apply(RecursiveFibonacci.java:17)
	at ch.epfl.sweng.contracts.RecursiveFibonacci.apply(RecursiveFibonacci.java:17)
	at ch.epfl.sweng.contracts.RecursiveFibonacci.apply(RecursiveFibonacci.java:17)
	at ch.epfl.sweng.contracts.RecursiveFibonacci.apply(RecursiveFibonacci.java:17)
	at ch.epfl.sweng.contracts.RecursiveFibonacci.apply(RecursiveFibonacci.java:17)
	at ch.epfl.sweng.contracts.RecursiveFibonacci.apply(RecursiveFibonacci.java:17)
	at ch.epfl.sweng.contracts.RecursiveFibonacci.apply(RecursiveFibonacci.java:17)
	at ch.epfl.sweng.contracts.RecursiveFibonacci.apply(RecursiveFibonacci.java:17)
	at ch.epfl.sweng.contracts.RecursiveFibonacci.apply(RecursiveFibonacci.java:17)
	at ch.epfl.sweng.contracts.RecursiveFibonacci.apply(RecursiveFibonacci.java:17)
	at ch.epfl.sweng.contracts.RecursiveFibonacci.apply(RecursiveFibonacci.java:17)
	at ch.epfl.sweng.contracts.RecursiveFibonacci.apply(RecursiveFibonacci.java:17)
	at ch.epfl.sweng.contracts.RecursiveFibonacci.apply(RecursiveFibonacci.java:17)
	at ch.epfl.sweng.contracts.RecursiveFibonacci.apply(RecursiveFibonacci.java:17)
	at ch.epfl.sweng.contracts.RecursiveFibonacci.apply(RecursiveFibonacci.java:17)
	at ch.epfl.sweng.contracts.RecursiveFibonacci.apply(RecursiveFibonacci.java:17)
	at ch.epfl.sweng.contracts.RecursiveFibonacci.apply(RecursiveFibonacci.java:17)
	at ch.epfl.sweng.contracts.RecursiveFibonacci.apply(RecursiveFibonacci.java:17)
	at ch.epfl.sweng.contracts.RecursiveFibonacci.apply(RecursiveFibonacci.java:17)
	at ch.epfl.sweng.contracts.RecursiveFibonacci.apply(RecursiveFibonacci.java:17)
	at ch.epfl.sweng.contracts.RecursiveFibonacci.apply(RecursiveFibonacci.java:17)
	at ch.epfl.sweng.contracts.RecursiveFibonacci.apply(RecursiveFibonacci.java:17)
	at ch.epfl.sweng.contracts.RecursiveFibonacci.apply(RecursiveFibonacci.java:17)
	at ch.epfl.sweng.contracts.RecursiveFibonacci.apply(RecursiveFibonacci.java:17)
	at ch.epfl.sweng.contracts.RecursiveFibonacci.apply(RecursiveFibonacci.java:17)
	at ch.epfl.sweng.contracts.RecursiveFibonacci.apply(RecursiveFibonacci.java:17)
	at ch.epfl.sweng.contracts.RecursiveFibonacci.apply(RecursiveFibonacci.java:17)
	at ch.epfl.sweng.contracts.RecursiveFibonacci.apply(RecursiveFibonacci.java:17)
	at ch.epfl.sweng.contracts.RecursiveFibonacci.apply(RecursiveFibonacci.java:17)
	at ch.epfl.sweng.contracts.RecursiveFibonacci.apply(RecursiveFibonacci.java:17)
	at ch.epfl.sweng.contracts.RecursiveFibonacci.apply(RecursiveFibonacci.java:17)
	at ch.epfl.sweng.contracts.RecursiveFibonacci.apply(RecursiveFibonacci.java:17)
	at ch.epfl.sweng.contracts.RecursiveFibonacci.apply(RecursiveFibonacci.java:17)
	at ch.epfl.sweng.contracts.RecursiveFibonacci.apply(RecursiveFibonacci.java:17)
	at ch.epfl.sweng.contracts.RecursiveFibonacci.apply(RecursiveFibonacci.java:17)
	at ch.epfl.sweng.contracts.RecursiveFibonacci.apply(RecursiveFibonacci.java:17)
	at ch.epfl.sweng.contracts.RecursiveFibonacci.apply(RecursiveFibonacci.java:17)
	at ch.epfl.sweng.contracts.RecursiveFibonacci.apply(RecursiveFibonacci.java:17)
	at ch.epfl.sweng.contracts.RecursiveFibonacci.apply(RecursiveFibonacci.java:17)
	at ch.epfl.sweng.contracts.RecursiveFibonacci.apply(RecursiveFibonacci.java:17)
	at ch.epfl.sweng.contracts.RecursiveFibonacci.apply(RecursiveFibonacci.java:17)
	at ch.epfl.sweng.contracts.RecursiveFibonacci.apply(RecursiveFibonacci.java:17)
	at ch.epfl.sweng.contracts.RecursiveFibonacci.apply(RecursiveFibonacci.java:17)
	at ch.epfl.sweng.contracts.RecursiveFibonacci.apply(RecursiveFibonacci.java:17)
	at ch.epfl.sweng.contracts.RecursiveFibonacci.apply(RecursiveFibonacci.java:17)
	at ch.epfl.sweng.contracts.RecursiveFibonacci.apply(RecursiveFibonacci.java:17)
	at ch.epfl.sweng.contracts.RecursiveFibonacci.apply(RecursiveFibonacci.java:17)
	at ch.epfl.sweng.contracts.RecursiveFibonacci.apply(RecursiveFibonacci.java:17)
	at ch.epfl.sweng.contracts.RecursiveFibonacci.apply(RecursiveFibonacci.java:17)
	at ch.epfl.sweng.contracts.RecursiveFibonacci.apply(RecursiveFibonacci.java:17)
	at ch.epfl.sweng.contracts.RecursiveFibonacci.apply(RecursiveFibonacci.java:17)
	at ch.epfl.sweng.contracts.RecursiveFibonacci.apply(RecursiveFibonacci.java:17)
	at ch.epfl.sweng.contracts.RecursiveFibonacci.apply(RecursiveFibonacci.java:17)
	at ch.epfl.sweng.contracts.RecursiveFibonacci.apply(RecursiveFibonacci.java:17)
	at ch.epfl.sweng.contracts.RecursiveFibonacci.apply(RecursiveFibonacci.java:17)
	at ch.epfl.sweng.contracts.RecursiveFibonacci.apply(RecursiveFibonacci.java:17)
	at ch.epfl.sweng.contracts.RecursiveFibonacci.apply(RecursiveFibonacci.java:17)
	at ch.epfl.sweng.contracts.RecursiveFibonacci.apply(RecursiveFibonacci.java:17)
	at ch.epfl.sweng.contracts.RecursiveFibonacci.apply(RecursiveFibonacci.java:17)
	at ch.epfl.sweng.contracts.RecursiveFibonacci.apply(RecursiveFibonacci.java:17)
	at ch.epfl.sweng.contracts.RecursiveFibonacci.apply(RecursiveFibonacci.java:17)
	at ch.epfl.sweng.contracts.RecursiveFibonacci.apply(RecursiveFibonacci.java:17)
	at ch.epfl.sweng.contracts.RecursiveFibonacci.apply(RecursiveFibonacci.java:17)
	at ch.epfl.sweng.contracts.RecursiveFibonacci.apply(RecursiveFibonacci.java:17)
	at ch.epfl.sweng.contracts.RecursiveFibonacci.apply(RecursiveFibonacci.java:17)
	at ch.epfl.sweng.contracts.RecursiveFibonacci.apply(RecursiveFibonacci.java:17)
	at ch.epfl.sweng.contracts.RecursiveFibonacci.apply(RecursiveFibonacci.java:17)
	at ch.epfl.sweng.contracts.RecursiveFibonacci.apply(RecursiveFibonacci.java:17)
	at ch.epfl.sweng.contracts.RecursiveFibonacci.apply(RecursiveFibonacci.java:17)
	at ch.epfl.sweng.contracts.RecursiveFibonacci.apply(RecursiveFibonacci.java:17)
	at ch.epfl.sweng.contracts.RecursiveFibonacci.apply(RecursiveFibonacci.java:17)
	at ch.epfl.sweng.contracts.RecursiveFibonacci.apply(RecursiveFibonacci.java:17)
	at ch.epfl.sweng.contracts.RecursiveFibonacci.apply(RecursiveFibonacci.java:17)
	at ch.epfl.sweng.contracts.RecursiveFibonacci.apply(RecursiveFibonacci.java:17)
	at ch.epfl.sweng.contracts.RecursiveFibonacci.apply(RecursiveFibonacci.java:17)
	at ch.epfl.sweng.contracts.RecursiveFibonacci.apply(RecursiveFibonacci.java:17)
	at ch.epfl.sweng.contracts.RecursiveFibonacci.apply(RecursiveFibonacci.java:17)
	at ch.epfl.sweng.contracts.RecursiveFibonacci.apply(RecursiveFibonacci.java:17)
	at ch.epfl.sweng.contracts.RecursiveFibonacci.apply(RecursiveFibonacci.java:17)
	at ch.epfl.sweng.contracts.RecursiveFibonacci.apply(RecursiveFibonacci.java:17)
	at ch.epfl.sweng.contracts.RecursiveFibonacci.apply(RecursiveFibonacci.java:17)
	at ch.epfl.sweng.contracts.RecursiveFibonacci.apply(RecursiveFibonacci.java:17)
	at ch.epfl.sweng.contracts.RecursiveFibonacci.apply(RecursiveFibonacci.java:17)
	at ch.epfl.sweng.contracts.RecursiveFibonacci.apply(RecursiveFibonacci.java:17)
	at ch.epfl.sweng.contracts.RecursiveFibonacci.apply(RecursiveFibonacci.java:17)
	at ch.epfl.sweng.contracts.RecursiveFibonacci.apply(RecursiveFibonacci.java:17)
	at ch.epfl.sweng.contracts.RecursiveFibonacci.apply(RecursiveFibonacci.java:17)
	at ch.epfl.sweng.contracts.RecursiveFibonacci.apply(RecursiveFibonacci.java:17)
	at ch.epfl.sweng.contracts.RecursiveFibonacci.apply(RecursiveFibonacci.java:17)
	at ch.epfl.sweng.contracts.RecursiveFibonacci.apply(RecursiveFibonacci.java:17)
	at ch.epfl.sweng.contracts.RecursiveFibonacci.apply(RecursiveFibonacci.java:17)
	at ch.epfl.sweng.contracts.RecursiveFibonacci.apply(RecursiveFibonacci.java:17)
	at ch.epfl.sweng.contracts.RecursiveFibonacci.apply(RecursiveFibonacci.java:17)
	at ch.epfl.sweng.contracts.RecursiveFibonacci.apply(RecursiveFibonacci.java:17)
	at ch.epfl.sweng.contracts.RecursiveFibonacci.apply(RecursiveFibonacci.java:17)
	at ch.epfl.sweng.contracts.RecursiveFibonacci.apply(RecursiveFibonacci.java:17)
	at ch.epfl.sweng.contracts.RecursiveFibonacci.apply(RecursiveFibonacci.java:17)
	at ch.epfl.sweng.contracts.RecursiveFibonacci.apply(RecursiveFibonacci.java:17)
	at ch.epfl.sweng.contracts.RecursiveFibonacci.apply(RecursiveFibonacci.java:17)
	at ch.epfl.sweng.contracts.RecursiveFibonacci.apply(RecursiveFibonacci.java:17)
	at ch.epfl.sweng.contracts.RecursiveFibonacci.apply(RecursiveFibonacci.java:17)
	at ch.epfl.sweng.contracts.RecursiveFibonacci.apply(RecursiveFibonacci.java:17)
	at ch.epfl.sweng.contracts.RecursiveFibonacci.apply(RecursiveFibonacci.java:17)
	at ch.epfl.sweng.contracts.RecursiveFibonacci.apply(RecursiveFibonacci.java:17)
	at ch.epfl.sweng.contracts.RecursiveFibonacci.apply(RecursiveFibonacci.java:17)
	at ch.epfl.sweng.contracts.RecursiveFibonacci.apply(RecursiveFibonacci.java:17)
	at ch.epfl.sweng.contracts.RecursiveFibonacci.apply(RecursiveFibonacci.java:17)
	at ch.epfl.sweng.contracts.RecursiveFibonacci.apply(RecursiveFibonacci.java:17)
	at ch.epfl.sweng.contracts.RecursiveFibonacci.apply(RecursiveFibonacci.java:17)
	at ch.epfl.sweng.contracts.RecursiveFibonacci.apply(RecursiveFibonacci.java:17)
	at ch.epfl.sweng.contracts.RecursiveFibonacci.apply(RecursiveFibonacci.java:17)
	at ch.epfl.sweng.contracts.RecursiveFibonacci.apply(RecursiveFibonacci.java:17)
	at ch.epfl.sweng.contracts.RecursiveFibonacci.apply(RecursiveFibonacci.java:17)
	at ch.epfl.sweng.contracts.RecursiveFibonacci.apply(RecursiveFibonacci.java:17)
	at ch.epfl.sweng.contracts.RecursiveFibonacci.apply(RecursiveFibonacci.java:17)
	at ch.epfl.sweng.contracts.RecursiveFibonacci.apply(RecursiveFibonacci.java:17)
	at ch.epfl.sweng.contracts.RecursiveFibonacci.apply(RecursiveFibonacci.java:17)
	at ch.epfl.sweng.contracts.RecursiveFibonacci.apply(RecursiveFibonacci.java:17)
	at ch.epfl.sweng.contracts.RecursiveFibonacci.apply(RecursiveFibonacci.java:17)
	at ch.epfl.sweng.contracts.RecursiveFibonacci.apply(RecursiveFibonacci.java:17)
	at ch.epfl.sweng.contracts.RecursiveFibonacci.apply(RecursiveFibonacci.java:17)
	at ch.epfl.sweng.contracts.RecursiveFibonacci.apply(RecursiveFibonacci.java:17)
</failure>
  </testcase>
  <testcase name="fibOf4()" classname="ch.epfl.sweng.contracts.RecursiveFibonacciTest" time="0.002"/>
  <system-out><![CDATA[]]></system-out>
  <system-err><![CDATA[]]></system-err>
</testsuite>
